2025-06-03 18:24:12,798 - face_recognition - INFO - InsightFace model loaded successfully
2025-06-03 18:24:15,169 - face_recognition - ERROR - Error extracting face embedding: 'NoneType' object is not callable
2025-06-03 18:24:24,198 - face_recognition - INFO - InsightFace model loaded successfully
2025-06-03 18:24:24,584 - face_recognition - ERROR - Error extracting face embedding: 'NoneType' object is not callable
2025-06-03 18:24:27,944 - face_recognition - INFO - InsightFace model loaded successfully
2025-06-03 18:24:28,281 - face_recognition - ERROR - Error extracting face embedding: 'NoneType' object is not callable
2025-06-03 18:27:02,288 - face_recognition - INFO - InsightFace model loaded successfully
2025-06-03 18:27:02,680 - face_recognition - ERROR - Error extracting face embedding: 'NoneType' object is not callable
2025-06-03 18:29:14,342 - face_recognition - INFO - InsightFace model loaded successfully
2025-06-03 18:29:14,779 - face_recognition - ERROR - Error extracting face embedding: 'NoneType' object is not callable
2025-06-03 18:29:58,077 - face_recognition - INFO - InsightFace model loaded successfully
2025-06-03 18:34:57,207 - face_recognition - INFO - InsightFace model loaded successfully
2025-06-03 19:00:39,194 - face_recognition - INFO - InsightFace model loaded successfully
2025-06-03 19:03:59,412 - face_recognition - INFO - InsightFace model loaded successfully
2025-06-03 19:05:55,935 - face_recognition - INFO - InsightFace model loaded successfully
2025-06-03 19:06:15,811 - face_recognition - INFO - InsightFace model loaded successfully
2025-06-03 22:51:01,722 - face_recognition - INFO - InsightFace model loaded successfully
2025-06-03 23:01:07,192 - face_recognition - INFO - InsightFace model loaded successfully
2025-06-03 23:01:17,867 - face_recognition - INFO - InsightFace model loaded successfully
2025-06-04 16:25:06,966 - face_recognition - INFO - InsightFace model loaded successfully
2025-06-04 16:25:21,132 - face_recognition - INFO - InsightFace model loaded successfully
2025-06-04 16:25:30,279 - face_recognition - INFO - InsightFace model loaded successfully
2025-06-04 16:25:36,730 - face_recognition - INFO - InsightFace model loaded successfully
2025-06-04 16:25:40,435 - face_recognition - INFO - InsightFace model loaded successfully
2025-06-04 16:25:44,311 - face_recognition - INFO - InsightFace model loaded successfully
2025-06-04 16:26:11,036 - face_recognition - INFO - InsightFace model loaded successfully
2025-06-04 16:26:23,643 - face_recognition - INFO - InsightFace model loaded successfully
2025-06-04 16:26:31,521 - face_recognition - INFO - InsightFace model loaded successfully
2025-06-04 16:26:38,782 - face_recognition - INFO - InsightFace model loaded successfully
2025-06-04 16:26:44,975 - face_recognition - INFO - InsightFace model loaded successfully
2025-06-04 16:59:45,218 - face_recognition - INFO - InsightFace model loaded successfully
2025-06-04 16:59:45,705 - face_recognition - WARNING - No stored embeddings found for comparison
2025-06-04 16:59:45,710 - face_recognition - INFO - First-time face registration for user 12
2025-06-04 17:01:37,094 - face_recognition - INFO - InsightFace model loaded successfully
2025-06-04 17:05:39,112 - face_recognition - INFO - InsightFace model loaded successfully
2025-06-04 17:05:49,090 - face_recognition - INFO - InsightFace model loaded successfully
2025-06-04 17:12:44,909 - face_recognition - INFO - InsightFace model loaded successfully
2025-06-04 17:13:23,879 - face_recognition - INFO - InsightFace model loaded successfully
2025-06-04 17:14:47,318 - face_recognition - INFO - InsightFace model loaded successfully
2025-06-04 17:18:46,258 - face_recognition - INFO - InsightFace model loaded successfully
2025-06-04 17:19:13,978 - face_recognition - INFO - InsightFace model loaded successfully
2025-06-04 17:20:10,395 - face_recognition - INFO - InsightFace model loaded successfully
2025-06-04 17:20:48,775 - face_recognition - INFO - InsightFace model loaded successfully
2025-06-04 17:21:05,200 - face_recognition - INFO - InsightFace model loaded successfully
2025-06-04 17:21:12,543 - face_recognition - INFO - InsightFace model loaded successfully
2025-06-04 17:21:27,344 - face_recognition - INFO - InsightFace model loaded successfully
2025-06-04 17:21:42,008 - face_recognition - INFO - InsightFace model loaded successfully
2025-06-04 17:21:59,414 - face_recognition - INFO - InsightFace model loaded successfully
2025-06-04 17:22:16,885 - face_recognition - INFO - InsightFace model loaded successfully
2025-06-04 17:22:32,878 - face_recognition - INFO - InsightFace model loaded successfully
2025-06-04 17:22:46,327 - face_recognition - INFO - InsightFace model loaded successfully
2025-06-04 17:22:57,825 - face_recognition - INFO - InsightFace model loaded successfully
2025-06-04 17:39:19,802 - face_recognition - INFO - InsightFace model loaded successfully
2025-06-04 17:39:20,816 - face_recognition - ERROR - Error deserializing embedding: invalid load key, '\x00'.
2025-06-04 17:39:20,816 - face_recognition - ERROR - Error deserializing embedding: invalid load key, '\x00'.
2025-06-04 17:39:20,816 - face_recognition - ERROR - Error deserializing embedding: invalid load key, '\x00'.
2025-06-04 17:39:20,816 - face_recognition - ERROR - Error deserializing embedding: invalid load key, '\x00'.
2025-06-04 17:39:20,816 - face_recognition - ERROR - Error deserializing embedding: invalid load key, '\x00'.
2025-06-04 17:39:20,816 - face_recognition - ERROR - Error deserializing embedding: invalid load key, '\x00'.
2025-06-04 17:39:20,817 - face_recognition - ERROR - Error deserializing embedding: invalid load key, '\x00'.
2025-06-04 17:39:20,817 - face_recognition - ERROR - Error deserializing embedding: invalid load key, '\x00'.
2025-06-04 17:39:20,817 - face_recognition - ERROR - Error deserializing embedding: invalid load key, '\x00'.
2025-06-04 17:39:20,817 - face_recognition - ERROR - Error deserializing embedding: invalid load key, '\x00'.
2025-06-04 20:19:16,106 - face_recognition - INFO - InsightFace model loaded successfully
2025-06-04 20:19:16,541 - face_recognition - ERROR - Error deserializing embedding: invalid load key, '\x00'.
2025-06-04 20:19:16,541 - face_recognition - ERROR - Error deserializing embedding: invalid load key, '\x00'.
2025-06-04 20:19:16,541 - face_recognition - ERROR - Error deserializing embedding: invalid load key, '\x00'.
2025-06-04 20:19:16,541 - face_recognition - ERROR - Error deserializing embedding: invalid load key, '\x00'.
2025-06-04 20:19:16,541 - face_recognition - ERROR - Error deserializing embedding: invalid load key, '\x00'.
2025-06-04 20:19:16,541 - face_recognition - ERROR - Error deserializing embedding: invalid load key, '\x00'.
2025-06-04 20:19:16,541 - face_recognition - ERROR - Error deserializing embedding: invalid load key, '\x00'.
2025-06-04 20:19:16,541 - face_recognition - ERROR - Error deserializing embedding: invalid load key, '\x00'.
2025-06-04 20:19:16,541 - face_recognition - ERROR - Error deserializing embedding: invalid load key, '\x00'.
2025-06-04 20:19:16,541 - face_recognition - ERROR - Error deserializing embedding: invalid load key, '\x00'.
2025-06-04 20:21:47,100 - face_recognition - INFO - InsightFace model loaded successfully
2025-06-04 20:21:47,750 - face_recognition - ERROR - Error deserializing embedding: invalid load key, '\x00'.
2025-06-04 20:21:47,750 - face_recognition - ERROR - Error deserializing embedding: invalid load key, '\x00'.
2025-06-04 20:21:47,751 - face_recognition - ERROR - Error deserializing embedding: invalid load key, '\x00'.
2025-06-04 20:21:47,751 - face_recognition - ERROR - Error deserializing embedding: invalid load key, '\x00'.
2025-06-04 20:21:47,751 - face_recognition - ERROR - Error deserializing embedding: invalid load key, '\x00'.
2025-06-04 20:21:47,751 - face_recognition - ERROR - Error deserializing embedding: invalid load key, '\x00'.
2025-06-04 20:21:47,751 - face_recognition - ERROR - Error deserializing embedding: invalid load key, '\x00'.
2025-06-04 20:21:47,751 - face_recognition - ERROR - Error deserializing embedding: invalid load key, '\x00'.
2025-06-04 20:21:47,751 - face_recognition - ERROR - Error deserializing embedding: invalid load key, '\x00'.
2025-06-04 20:21:47,751 - face_recognition - ERROR - Error deserializing embedding: invalid load key, '\x00'.
2025-06-04 20:21:56,960 - face_recognition - INFO - InsightFace model loaded successfully
2025-06-04 20:21:57,434 - face_recognition - ERROR - Error deserializing embedding: invalid load key, '\x00'.
2025-06-04 20:21:57,434 - face_recognition - ERROR - Error deserializing embedding: invalid load key, '\x00'.
2025-06-04 20:21:57,434 - face_recognition - ERROR - Error deserializing embedding: invalid load key, '\x00'.
2025-06-04 20:21:57,434 - face_recognition - ERROR - Error deserializing embedding: invalid load key, '\x00'.
2025-06-04 20:21:57,434 - face_recognition - ERROR - Error deserializing embedding: invalid load key, '\x00'.
2025-06-04 20:21:57,434 - face_recognition - ERROR - Error deserializing embedding: invalid load key, '\x00'.
2025-06-04 20:21:57,434 - face_recognition - ERROR - Error deserializing embedding: invalid load key, '\x00'.
2025-06-04 20:21:57,434 - face_recognition - ERROR - Error deserializing embedding: invalid load key, '\x00'.
2025-06-04 20:21:57,434 - face_recognition - ERROR - Error deserializing embedding: invalid load key, '\x00'.
2025-06-04 20:21:57,434 - face_recognition - ERROR - Error deserializing embedding: invalid load key, '\x00'.
2025-06-04 20:22:03,260 - face_recognition - INFO - InsightFace model loaded successfully
2025-06-04 20:22:03,494 - face_recognition - WARNING - No face detected in the image
2025-06-04 20:22:13,517 - face_recognition - INFO - InsightFace model loaded successfully
2025-06-04 20:22:13,981 - face_recognition - ERROR - Error deserializing embedding: invalid load key, '\x00'.
2025-06-04 20:22:13,982 - face_recognition - ERROR - Error deserializing embedding: invalid load key, '\x00'.
2025-06-04 20:22:13,982 - face_recognition - ERROR - Error deserializing embedding: invalid load key, '\x00'.
2025-06-04 20:22:13,982 - face_recognition - ERROR - Error deserializing embedding: invalid load key, '\x00'.
2025-06-04 20:22:13,982 - face_recognition - ERROR - Error deserializing embedding: invalid load key, '\x00'.
2025-06-04 20:22:13,982 - face_recognition - ERROR - Error deserializing embedding: invalid load key, '\x00'.
2025-06-04 20:22:13,982 - face_recognition - ERROR - Error deserializing embedding: invalid load key, '\x00'.
2025-06-04 20:22:13,982 - face_recognition - ERROR - Error deserializing embedding: invalid load key, '\x00'.
2025-06-04 20:22:13,982 - face_recognition - ERROR - Error deserializing embedding: invalid load key, '\x00'.
2025-06-04 20:22:13,982 - face_recognition - ERROR - Error deserializing embedding: invalid load key, '\x00'.
2025-06-04 20:22:44,176 - face_recognition - INFO - InsightFace model loaded successfully
2025-06-04 20:22:44,754 - face_recognition - ERROR - Error deserializing embedding: invalid load key, '\x00'.
2025-06-04 20:22:44,754 - face_recognition - ERROR - Error deserializing embedding: invalid load key, '\x00'.
2025-06-04 20:22:44,754 - face_recognition - ERROR - Error deserializing embedding: invalid load key, '\x00'.
2025-06-04 20:22:44,754 - face_recognition - ERROR - Error deserializing embedding: invalid load key, '\x00'.
2025-06-04 20:22:44,754 - face_recognition - ERROR - Error deserializing embedding: invalid load key, '\x00'.
2025-06-04 20:22:44,754 - face_recognition - ERROR - Error deserializing embedding: invalid load key, '\x00'.
2025-06-04 20:22:44,754 - face_recognition - ERROR - Error deserializing embedding: invalid load key, '\x00'.
2025-06-04 20:22:44,754 - face_recognition - ERROR - Error deserializing embedding: invalid load key, '\x00'.
2025-06-04 20:22:44,754 - face_recognition - ERROR - Error deserializing embedding: invalid load key, '\x00'.
2025-06-04 20:22:44,754 - face_recognition - ERROR - Error deserializing embedding: invalid load key, '\x00'.
2025-06-04 20:22:48,777 - face_recognition - INFO - InsightFace model loaded successfully
2025-06-04 20:22:49,182 - face_recognition - ERROR - Error deserializing embedding: invalid load key, '\x00'.
2025-06-04 20:22:49,182 - face_recognition - ERROR - Error deserializing embedding: invalid load key, '\x00'.
2025-06-04 20:22:49,182 - face_recognition - ERROR - Error deserializing embedding: invalid load key, '\x00'.
2025-06-04 20:22:49,182 - face_recognition - ERROR - Error deserializing embedding: invalid load key, '\x00'.
2025-06-04 20:22:49,182 - face_recognition - ERROR - Error deserializing embedding: invalid load key, '\x00'.
2025-06-04 20:22:49,182 - face_recognition - ERROR - Error deserializing embedding: invalid load key, '\x00'.
2025-06-04 20:22:49,182 - face_recognition - ERROR - Error deserializing embedding: invalid load key, '\x00'.
2025-06-04 20:22:49,182 - face_recognition - ERROR - Error deserializing embedding: invalid load key, '\x00'.
2025-06-04 20:22:49,182 - face_recognition - ERROR - Error deserializing embedding: invalid load key, '\x00'.
2025-06-04 20:22:49,182 - face_recognition - ERROR - Error deserializing embedding: invalid load key, '\x00'.
2025-06-04 20:22:52,432 - face_recognition - INFO - InsightFace model loaded successfully
2025-06-04 20:22:52,981 - face_recognition - ERROR - Error deserializing embedding: invalid load key, '\x00'.
2025-06-04 20:22:52,981 - face_recognition - ERROR - Error deserializing embedding: invalid load key, '\x00'.
2025-06-04 20:22:52,981 - face_recognition - ERROR - Error deserializing embedding: invalid load key, '\x00'.
2025-06-04 20:22:52,982 - face_recognition - ERROR - Error deserializing embedding: invalid load key, '\x00'.
2025-06-04 20:22:52,982 - face_recognition - ERROR - Error deserializing embedding: invalid load key, '\x00'.
2025-06-04 20:22:52,982 - face_recognition - ERROR - Error deserializing embedding: invalid load key, '\x00'.
2025-06-04 20:22:52,982 - face_recognition - ERROR - Error deserializing embedding: invalid load key, '\x00'.
2025-06-04 20:22:52,982 - face_recognition - ERROR - Error deserializing embedding: invalid load key, '\x00'.
2025-06-04 20:22:52,982 - face_recognition - ERROR - Error deserializing embedding: invalid load key, '\x00'.
2025-06-04 20:22:52,982 - face_recognition - ERROR - Error deserializing embedding: invalid load key, '\x00'.
2025-06-04 20:22:55,671 - face_recognition - INFO - InsightFace model loaded successfully
2025-06-04 20:22:56,101 - face_recognition - ERROR - Error deserializing embedding: invalid load key, '\x00'.
2025-06-04 20:22:56,101 - face_recognition - ERROR - Error deserializing embedding: invalid load key, '\x00'.
2025-06-04 20:22:56,101 - face_recognition - ERROR - Error deserializing embedding: invalid load key, '\x00'.
2025-06-04 20:22:56,101 - face_recognition - ERROR - Error deserializing embedding: invalid load key, '\x00'.
2025-06-04 20:22:56,101 - face_recognition - ERROR - Error deserializing embedding: invalid load key, '\x00'.
2025-06-04 20:22:56,101 - face_recognition - ERROR - Error deserializing embedding: invalid load key, '\x00'.
2025-06-04 20:22:56,102 - face_recognition - ERROR - Error deserializing embedding: invalid load key, '\x00'.
2025-06-04 20:22:56,102 - face_recognition - ERROR - Error deserializing embedding: invalid load key, '\x00'.
2025-06-04 20:22:56,102 - face_recognition - ERROR - Error deserializing embedding: invalid load key, '\x00'.
2025-06-04 20:22:56,102 - face_recognition - ERROR - Error deserializing embedding: invalid load key, '\x00'.
2025-06-04 20:38:19,129 - face_recognition - INFO - InsightFace model loaded successfully
2025-06-04 20:38:19,862 - face_recognition - ERROR - Error deserializing embedding: invalid load key, '\x00'.
2025-06-04 20:38:19,862 - face_recognition - ERROR - Error deserializing embedding: invalid load key, '\x00'.
2025-06-04 20:38:19,862 - face_recognition - ERROR - Error deserializing embedding: invalid load key, '\x00'.
2025-06-04 20:38:19,863 - face_recognition - ERROR - Error deserializing embedding: invalid load key, '\x00'.
2025-06-04 20:38:19,863 - face_recognition - ERROR - Error deserializing embedding: invalid load key, '\x00'.
2025-06-04 20:38:19,863 - face_recognition - ERROR - Error deserializing embedding: invalid load key, '\x00'.
2025-06-04 20:38:19,863 - face_recognition - ERROR - Error deserializing embedding: invalid load key, '\x00'.
2025-06-04 20:38:19,863 - face_recognition - ERROR - Error deserializing embedding: invalid load key, '\x00'.
2025-06-04 20:38:19,863 - face_recognition - ERROR - Error deserializing embedding: invalid load key, '\x00'.
2025-06-04 20:38:19,863 - face_recognition - ERROR - Error deserializing embedding: invalid load key, '\x00'.
2025-06-04 20:38:26,390 - face_recognition - INFO - InsightFace model loaded successfully
2025-06-04 20:38:26,891 - face_recognition - ERROR - Error deserializing embedding: invalid load key, '\x00'.
2025-06-04 20:38:26,891 - face_recognition - ERROR - Error deserializing embedding: invalid load key, '\x00'.
2025-06-04 20:38:26,892 - face_recognition - ERROR - Error deserializing embedding: invalid load key, '\x00'.
2025-06-04 20:38:26,892 - face_recognition - ERROR - Error deserializing embedding: invalid load key, '\x00'.
2025-06-04 20:38:26,892 - face_recognition - ERROR - Error deserializing embedding: invalid load key, '\x00'.
2025-06-04 20:38:26,892 - face_recognition - ERROR - Error deserializing embedding: invalid load key, '\x00'.
2025-06-04 20:38:26,892 - face_recognition - ERROR - Error deserializing embedding: invalid load key, '\x00'.
2025-06-04 20:38:26,892 - face_recognition - ERROR - Error deserializing embedding: invalid load key, '\x00'.
2025-06-04 20:38:26,892 - face_recognition - ERROR - Error deserializing embedding: invalid load key, '\x00'.
2025-06-04 20:38:26,893 - face_recognition - ERROR - Error deserializing embedding: invalid load key, '\x00'.
2025-06-04 20:38:32,910 - face_recognition - INFO - InsightFace model loaded successfully
2025-06-04 20:38:33,468 - face_recognition - ERROR - Error deserializing embedding: invalid load key, '\x00'.
2025-06-04 20:38:33,468 - face_recognition - ERROR - Error deserializing embedding: invalid load key, '\x00'.
2025-06-04 20:38:33,468 - face_recognition - ERROR - Error deserializing embedding: invalid load key, '\x00'.
2025-06-04 20:38:33,468 - face_recognition - ERROR - Error deserializing embedding: invalid load key, '\x00'.
2025-06-04 20:38:33,469 - face_recognition - ERROR - Error deserializing embedding: invalid load key, '\x00'.
2025-06-04 20:38:33,469 - face_recognition - ERROR - Error deserializing embedding: invalid load key, '\x00'.
2025-06-04 20:38:33,469 - face_recognition - ERROR - Error deserializing embedding: invalid load key, '\x00'.
2025-06-04 20:38:33,470 - face_recognition - ERROR - Error deserializing embedding: invalid load key, '\x00'.
2025-06-04 20:38:33,470 - face_recognition - ERROR - Error deserializing embedding: invalid load key, '\x00'.
2025-06-04 20:38:33,470 - face_recognition - ERROR - Error deserializing embedding: invalid load key, '\x00'.
2025-06-04 20:38:36,697 - face_recognition - INFO - InsightFace model loaded successfully
2025-06-04 20:38:37,753 - face_recognition - ERROR - Error deserializing embedding: invalid load key, '\x00'.
2025-06-04 20:38:37,753 - face_recognition - ERROR - Error deserializing embedding: invalid load key, '\x00'.
2025-06-04 20:38:37,753 - face_recognition - ERROR - Error deserializing embedding: invalid load key, '\x00'.
2025-06-04 20:38:37,754 - face_recognition - ERROR - Error deserializing embedding: invalid load key, '\x00'.
2025-06-04 20:38:37,754 - face_recognition - ERROR - Error deserializing embedding: invalid load key, '\x00'.
2025-06-04 20:38:37,754 - face_recognition - ERROR - Error deserializing embedding: invalid load key, '\x00'.
2025-06-04 20:38:37,754 - face_recognition - ERROR - Error deserializing embedding: invalid load key, '\x00'.
2025-06-04 20:38:37,754 - face_recognition - ERROR - Error deserializing embedding: invalid load key, '\x00'.
2025-06-04 20:38:37,754 - face_recognition - ERROR - Error deserializing embedding: invalid load key, '\x00'.
2025-06-04 20:38:37,754 - face_recognition - ERROR - Error deserializing embedding: invalid load key, '\x00'.
2025-06-04 20:38:46,724 - face_recognition - INFO - InsightFace model loaded successfully
2025-06-04 20:38:47,336 - face_recognition - ERROR - Error deserializing embedding: invalid load key, '\x00'.
2025-06-04 20:38:47,336 - face_recognition - ERROR - Error deserializing embedding: invalid load key, '\x00'.
2025-06-04 20:38:47,337 - face_recognition - ERROR - Error deserializing embedding: invalid load key, '\x00'.
2025-06-04 20:38:47,337 - face_recognition - ERROR - Error deserializing embedding: invalid load key, '\x00'.
2025-06-04 20:38:47,337 - face_recognition - ERROR - Error deserializing embedding: invalid load key, '\x00'.
2025-06-04 20:38:47,337 - face_recognition - ERROR - Error deserializing embedding: invalid load key, '\x00'.
2025-06-04 20:38:47,337 - face_recognition - ERROR - Error deserializing embedding: invalid load key, '\x00'.
2025-06-04 20:38:47,337 - face_recognition - ERROR - Error deserializing embedding: invalid load key, '\x00'.
2025-06-04 20:38:47,337 - face_recognition - ERROR - Error deserializing embedding: invalid load key, '\x00'.
2025-06-04 20:38:47,337 - face_recognition - ERROR - Error deserializing embedding: invalid load key, '\x00'.
2025-06-04 20:38:52,073 - face_recognition - INFO - InsightFace model loaded successfully
2025-06-04 20:38:52,547 - face_recognition - ERROR - Error deserializing embedding: invalid load key, '\x00'.
2025-06-04 20:38:52,547 - face_recognition - ERROR - Error deserializing embedding: invalid load key, '\x00'.
2025-06-04 20:38:52,548 - face_recognition - ERROR - Error deserializing embedding: invalid load key, '\x00'.
2025-06-04 20:38:52,548 - face_recognition - ERROR - Error deserializing embedding: invalid load key, '\x00'.
2025-06-04 20:38:52,548 - face_recognition - ERROR - Error deserializing embedding: invalid load key, '\x00'.
2025-06-04 20:38:52,548 - face_recognition - ERROR - Error deserializing embedding: invalid load key, '\x00'.
2025-06-04 20:38:52,548 - face_recognition - ERROR - Error deserializing embedding: invalid load key, '\x00'.
2025-06-04 20:38:52,548 - face_recognition - ERROR - Error deserializing embedding: invalid load key, '\x00'.
2025-06-04 20:38:52,548 - face_recognition - ERROR - Error deserializing embedding: invalid load key, '\x00'.
2025-06-04 20:38:52,548 - face_recognition - ERROR - Error deserializing embedding: invalid load key, '\x00'.
2025-06-04 20:38:54,248 - face_recognition - INFO - InsightFace model loaded successfully
2025-06-04 20:38:54,765 - face_recognition - ERROR - Error deserializing embedding: invalid load key, '\x00'.
2025-06-04 20:38:54,765 - face_recognition - ERROR - Error deserializing embedding: invalid load key, '\x00'.
2025-06-04 20:38:54,765 - face_recognition - ERROR - Error deserializing embedding: invalid load key, '\x00'.
2025-06-04 20:38:54,765 - face_recognition - ERROR - Error deserializing embedding: invalid load key, '\x00'.
2025-06-04 20:38:54,765 - face_recognition - ERROR - Error deserializing embedding: invalid load key, '\x00'.
2025-06-04 20:38:54,765 - face_recognition - ERROR - Error deserializing embedding: invalid load key, '\x00'.
2025-06-04 20:38:54,766 - face_recognition - ERROR - Error deserializing embedding: invalid load key, '\x00'.
2025-06-04 20:38:54,766 - face_recognition - ERROR - Error deserializing embedding: invalid load key, '\x00'.
2025-06-04 20:38:54,766 - face_recognition - ERROR - Error deserializing embedding: invalid load key, '\x00'.
2025-06-04 20:38:54,766 - face_recognition - ERROR - Error deserializing embedding: invalid load key, '\x00'.
2025-06-04 20:38:58,592 - face_recognition - INFO - InsightFace model loaded successfully
2025-06-04 20:38:59,100 - face_recognition - ERROR - Error deserializing embedding: invalid load key, '\x00'.
2025-06-04 20:38:59,101 - face_recognition - ERROR - Error deserializing embedding: invalid load key, '\x00'.
2025-06-04 20:38:59,101 - face_recognition - ERROR - Error deserializing embedding: invalid load key, '\x00'.
2025-06-04 20:38:59,101 - face_recognition - ERROR - Error deserializing embedding: invalid load key, '\x00'.
2025-06-04 20:38:59,101 - face_recognition - ERROR - Error deserializing embedding: invalid load key, '\x00'.
2025-06-04 20:38:59,101 - face_recognition - ERROR - Error deserializing embedding: invalid load key, '\x00'.
2025-06-04 20:38:59,101 - face_recognition - ERROR - Error deserializing embedding: invalid load key, '\x00'.
2025-06-04 20:38:59,101 - face_recognition - ERROR - Error deserializing embedding: invalid load key, '\x00'.
2025-06-04 20:38:59,101 - face_recognition - ERROR - Error deserializing embedding: invalid load key, '\x00'.
2025-06-04 20:38:59,102 - face_recognition - ERROR - Error deserializing embedding: invalid load key, '\x00'.
2025-06-04 20:39:28,567 - face_recognition - INFO - InsightFace model loaded successfully
2025-06-04 20:39:34,267 - face_recognition - INFO - InsightFace model loaded successfully
2025-06-04 20:39:41,695 - face_recognition - INFO - InsightFace model loaded successfully
2025-06-04 20:39:47,749 - face_recognition - INFO - InsightFace model loaded successfully
2025-06-04 20:40:06,822 - face_recognition - INFO - InsightFace model loaded successfully
2025-06-04 20:40:07,786 - face_recognition - INFO - InsightFace model loaded successfully
2025-06-04 20:40:08,004 - face_recognition - ERROR - Error deserializing embedding: invalid load key, '\x00'.
2025-06-04 20:40:08,004 - face_recognition - ERROR - Error deserializing embedding: invalid load key, '\x00'.
2025-06-04 20:40:08,004 - face_recognition - ERROR - Error deserializing embedding: invalid load key, '\x00'.
2025-06-04 20:40:08,004 - face_recognition - ERROR - Error deserializing embedding: invalid load key, '\x00'.
2025-06-04 20:40:08,004 - face_recognition - ERROR - Error deserializing embedding: invalid load key, '\x00'.
2025-06-04 20:40:08,005 - face_recognition - ERROR - Error deserializing embedding: invalid load key, '\x00'.
2025-06-04 20:40:08,005 - face_recognition - ERROR - Error deserializing embedding: invalid load key, '\x00'.
2025-06-04 20:40:08,005 - face_recognition - ERROR - Error deserializing embedding: invalid load key, '\x00'.
2025-06-04 20:40:08,005 - face_recognition - ERROR - Error deserializing embedding: invalid load key, '\x00'.
2025-06-04 20:40:08,005 - face_recognition - ERROR - Error deserializing embedding: invalid load key, '\x00'.
2025-06-04 20:40:08,537 - face_recognition - ERROR - Error deserializing embedding: invalid load key, '\x00'.
2025-06-04 20:40:08,538 - face_recognition - ERROR - Error deserializing embedding: invalid load key, '\x00'.
2025-06-04 20:40:08,538 - face_recognition - ERROR - Error deserializing embedding: invalid load key, '\x00'.
2025-06-04 20:40:08,538 - face_recognition - ERROR - Error deserializing embedding: invalid load key, '\x00'.
2025-06-04 20:40:08,538 - face_recognition - ERROR - Error deserializing embedding: invalid load key, '\x00'.
2025-06-04 20:40:08,538 - face_recognition - ERROR - Error deserializing embedding: invalid load key, '\x00'.
2025-06-04 20:40:08,538 - face_recognition - ERROR - Error deserializing embedding: invalid load key, '\x00'.
2025-06-04 20:40:08,538 - face_recognition - ERROR - Error deserializing embedding: invalid load key, '\x00'.
2025-06-04 20:40:08,538 - face_recognition - ERROR - Error deserializing embedding: invalid load key, '\x00'.
2025-06-04 20:40:08,538 - face_recognition - ERROR - Error deserializing embedding: invalid load key, '\x00'.
2025-06-04 20:40:09,996 - face_recognition - INFO - InsightFace model loaded successfully
2025-06-04 20:40:10,515 - face_recognition - ERROR - Error deserializing embedding: invalid load key, '\x00'.
2025-06-04 20:40:10,515 - face_recognition - ERROR - Error deserializing embedding: invalid load key, '\x00'.
2025-06-04 20:40:10,515 - face_recognition - ERROR - Error deserializing embedding: invalid load key, '\x00'.
2025-06-04 20:40:10,515 - face_recognition - ERROR - Error deserializing embedding: invalid load key, '\x00'.
2025-06-04 20:40:10,515 - face_recognition - ERROR - Error deserializing embedding: invalid load key, '\x00'.
2025-06-04 20:40:10,515 - face_recognition - ERROR - Error deserializing embedding: invalid load key, '\x00'.
2025-06-04 20:40:10,515 - face_recognition - ERROR - Error deserializing embedding: invalid load key, '\x00'.
2025-06-04 20:40:10,515 - face_recognition - ERROR - Error deserializing embedding: invalid load key, '\x00'.
2025-06-04 20:40:10,515 - face_recognition - ERROR - Error deserializing embedding: invalid load key, '\x00'.
2025-06-04 20:40:10,516 - face_recognition - ERROR - Error deserializing embedding: invalid load key, '\x00'.
2025-06-04 20:40:12,221 - face_recognition - INFO - InsightFace model loaded successfully
2025-06-04 20:40:12,726 - face_recognition - ERROR - Error deserializing embedding: invalid load key, '\x00'.
2025-06-04 20:40:12,726 - face_recognition - ERROR - Error deserializing embedding: invalid load key, '\x00'.
2025-06-04 20:40:12,726 - face_recognition - ERROR - Error deserializing embedding: invalid load key, '\x00'.
2025-06-04 20:40:12,726 - face_recognition - ERROR - Error deserializing embedding: invalid load key, '\x00'.
2025-06-04 20:40:12,726 - face_recognition - ERROR - Error deserializing embedding: invalid load key, '\x00'.
2025-06-04 20:40:12,727 - face_recognition - ERROR - Error deserializing embedding: invalid load key, '\x00'.
2025-06-04 20:40:12,727 - face_recognition - ERROR - Error deserializing embedding: invalid load key, '\x00'.
2025-06-04 20:40:12,727 - face_recognition - ERROR - Error deserializing embedding: invalid load key, '\x00'.
2025-06-04 20:40:12,727 - face_recognition - ERROR - Error deserializing embedding: invalid load key, '\x00'.
2025-06-04 20:40:12,727 - face_recognition - ERROR - Error deserializing embedding: invalid load key, '\x00'.
2025-06-04 20:40:14,717 - face_recognition - INFO - InsightFace model loaded successfully
2025-06-04 20:40:15,249 - face_recognition - ERROR - Error deserializing embedding: invalid load key, '\x00'.
2025-06-04 20:40:15,249 - face_recognition - ERROR - Error deserializing embedding: invalid load key, '\x00'.
2025-06-04 20:40:15,249 - face_recognition - ERROR - Error deserializing embedding: invalid load key, '\x00'.
2025-06-04 20:40:15,249 - face_recognition - ERROR - Error deserializing embedding: invalid load key, '\x00'.
2025-06-04 20:40:15,249 - face_recognition - ERROR - Error deserializing embedding: invalid load key, '\x00'.
2025-06-04 20:40:15,250 - face_recognition - ERROR - Error deserializing embedding: invalid load key, '\x00'.
2025-06-04 20:40:15,250 - face_recognition - ERROR - Error deserializing embedding: invalid load key, '\x00'.
2025-06-04 20:40:15,250 - face_recognition - ERROR - Error deserializing embedding: invalid load key, '\x00'.
2025-06-04 20:40:15,250 - face_recognition - ERROR - Error deserializing embedding: invalid load key, '\x00'.
2025-06-04 20:40:15,250 - face_recognition - ERROR - Error deserializing embedding: invalid load key, '\x00'.
2025-06-04 20:40:16,887 - face_recognition - INFO - InsightFace model loaded successfully
2025-06-04 20:40:17,335 - face_recognition - ERROR - Error deserializing embedding: invalid load key, '\x00'.
2025-06-04 20:40:17,335 - face_recognition - ERROR - Error deserializing embedding: invalid load key, '\x00'.
2025-06-04 20:40:17,335 - face_recognition - ERROR - Error deserializing embedding: invalid load key, '\x00'.
2025-06-04 20:40:17,335 - face_recognition - ERROR - Error deserializing embedding: invalid load key, '\x00'.
2025-06-04 20:40:17,335 - face_recognition - ERROR - Error deserializing embedding: invalid load key, '\x00'.
2025-06-04 20:40:17,336 - face_recognition - ERROR - Error deserializing embedding: invalid load key, '\x00'.
2025-06-04 20:40:17,336 - face_recognition - ERROR - Error deserializing embedding: invalid load key, '\x00'.
2025-06-04 20:40:17,336 - face_recognition - ERROR - Error deserializing embedding: invalid load key, '\x00'.
2025-06-04 20:40:17,336 - face_recognition - ERROR - Error deserializing embedding: invalid load key, '\x00'.
2025-06-04 20:40:17,336 - face_recognition - ERROR - Error deserializing embedding: invalid load key, '\x00'.
2025-06-04 20:40:19,134 - face_recognition - INFO - InsightFace model loaded successfully
2025-06-04 20:40:19,759 - face_recognition - ERROR - Error deserializing embedding: invalid load key, '\x00'.
2025-06-04 20:40:19,759 - face_recognition - ERROR - Error deserializing embedding: invalid load key, '\x00'.
2025-06-04 20:40:19,759 - face_recognition - ERROR - Error deserializing embedding: invalid load key, '\x00'.
2025-06-04 20:40:19,759 - face_recognition - ERROR - Error deserializing embedding: invalid load key, '\x00'.
2025-06-04 20:40:19,760 - face_recognition - ERROR - Error deserializing embedding: invalid load key, '\x00'.
2025-06-04 20:40:19,760 - face_recognition - ERROR - Error deserializing embedding: invalid load key, '\x00'.
2025-06-04 20:40:19,760 - face_recognition - ERROR - Error deserializing embedding: invalid load key, '\x00'.
2025-06-04 20:40:19,760 - face_recognition - ERROR - Error deserializing embedding: invalid load key, '\x00'.
2025-06-04 20:40:19,760 - face_recognition - ERROR - Error deserializing embedding: invalid load key, '\x00'.
2025-06-04 20:40:19,760 - face_recognition - ERROR - Error deserializing embedding: invalid load key, '\x00'.
2025-06-04 20:40:22,123 - face_recognition - INFO - InsightFace model loaded successfully
2025-06-04 20:40:22,288 - face_recognition - WARNING - No face detected in the image
2025-06-04 20:41:30,875 - face_recognition - INFO - InsightFace model loaded successfully
2025-06-04 20:41:31,587 - face_recognition - INFO - InsightFace model loaded successfully
2025-06-04 20:41:31,954 - face_recognition - ERROR - Error deserializing embedding: invalid load key, '\x00'.
2025-06-04 20:41:31,954 - face_recognition - ERROR - Error deserializing embedding: invalid load key, '\x00'.
2025-06-04 20:41:31,954 - face_recognition - ERROR - Error deserializing embedding: invalid load key, '\x00'.
2025-06-04 20:41:31,954 - face_recognition - ERROR - Error deserializing embedding: invalid load key, '\x00'.
2025-06-04 20:41:31,954 - face_recognition - ERROR - Error deserializing embedding: invalid load key, '\x00'.
2025-06-04 20:41:31,954 - face_recognition - ERROR - Error deserializing embedding: invalid load key, '\x00'.
2025-06-04 20:41:31,955 - face_recognition - ERROR - Error deserializing embedding: invalid load key, '\x00'.
2025-06-04 20:41:31,955 - face_recognition - ERROR - Error deserializing embedding: invalid load key, '\x00'.
2025-06-04 20:41:31,955 - face_recognition - ERROR - Error deserializing embedding: invalid load key, '\x00'.
2025-06-04 20:41:31,955 - face_recognition - ERROR - Error deserializing embedding: invalid load key, '\x00'.
2025-06-04 20:41:32,453 - face_recognition - ERROR - Error deserializing embedding: invalid load key, '\x00'.
2025-06-04 20:41:32,453 - face_recognition - ERROR - Error deserializing embedding: invalid load key, '\x00'.
2025-06-04 20:41:32,453 - face_recognition - ERROR - Error deserializing embedding: invalid load key, '\x00'.
2025-06-04 20:41:32,453 - face_recognition - ERROR - Error deserializing embedding: invalid load key, '\x00'.
2025-06-04 20:41:32,453 - face_recognition - ERROR - Error deserializing embedding: invalid load key, '\x00'.
2025-06-04 20:41:32,453 - face_recognition - ERROR - Error deserializing embedding: invalid load key, '\x00'.
2025-06-04 20:41:32,454 - face_recognition - ERROR - Error deserializing embedding: invalid load key, '\x00'.
2025-06-04 20:41:32,454 - face_recognition - ERROR - Error deserializing embedding: invalid load key, '\x00'.
2025-06-04 20:41:32,454 - face_recognition - ERROR - Error deserializing embedding: invalid load key, '\x00'.
2025-06-04 20:41:32,454 - face_recognition - ERROR - Error deserializing embedding: invalid load key, '\x00'.
2025-06-04 20:42:18,136 - face_recognition - INFO - InsightFace model loaded successfully
2025-06-04 20:42:19,272 - face_recognition - ERROR - Error deserializing embedding: invalid load key, '\x00'.
2025-06-04 20:42:19,272 - face_recognition - ERROR - Error deserializing embedding: invalid load key, '\x00'.
2025-06-04 20:42:19,272 - face_recognition - ERROR - Error deserializing embedding: invalid load key, '\x00'.
2025-06-04 20:42:19,274 - face_recognition - ERROR - Error deserializing embedding: invalid load key, '\x00'.
2025-06-04 20:42:19,274 - face_recognition - ERROR - Error deserializing embedding: invalid load key, '\x00'.
2025-06-04 20:42:19,274 - face_recognition - ERROR - Error deserializing embedding: invalid load key, '\x00'.
2025-06-04 20:42:19,274 - face_recognition - ERROR - Error deserializing embedding: invalid load key, '\x00'.
2025-06-04 20:42:19,274 - face_recognition - ERROR - Error deserializing embedding: invalid load key, '\x00'.
2025-06-04 20:42:19,274 - face_recognition - ERROR - Error deserializing embedding: invalid load key, '\x00'.
2025-06-04 20:42:19,274 - face_recognition - ERROR - Error deserializing embedding: invalid load key, '\x00'.
2025-06-04 20:44:16,925 - face_recognition - INFO - InsightFace model loaded successfully
2025-06-04 20:44:18,034 - face_recognition - INFO - InsightFace model loaded successfully
2025-06-04 20:44:18,237 - face_recognition - ERROR - Error deserializing embedding: invalid load key, '\x00'.
2025-06-04 20:44:18,237 - face_recognition - ERROR - Error deserializing embedding: invalid load key, '\x00'.
2025-06-04 20:44:18,237 - face_recognition - ERROR - Error deserializing embedding: invalid load key, '\x00'.
2025-06-04 20:44:18,237 - face_recognition - ERROR - Error deserializing embedding: invalid load key, '\x00'.
2025-06-04 20:44:18,237 - face_recognition - ERROR - Error deserializing embedding: invalid load key, '\x00'.
2025-06-04 20:44:18,237 - face_recognition - ERROR - Error deserializing embedding: invalid load key, '\x00'.
2025-06-04 20:44:18,237 - face_recognition - ERROR - Error deserializing embedding: invalid load key, '\x00'.
2025-06-04 20:44:18,238 - face_recognition - ERROR - Error deserializing embedding: invalid load key, '\x00'.
2025-06-04 20:44:18,238 - face_recognition - ERROR - Error deserializing embedding: invalid load key, '\x00'.
2025-06-04 20:44:18,238 - face_recognition - ERROR - Error deserializing embedding: invalid load key, '\x00'.
2025-06-04 20:44:18,868 - face_recognition - ERROR - Error deserializing embedding: invalid load key, '\x00'.
2025-06-04 20:44:18,868 - face_recognition - ERROR - Error deserializing embedding: invalid load key, '\x00'.
2025-06-04 20:44:18,868 - face_recognition - ERROR - Error deserializing embedding: invalid load key, '\x00'.
2025-06-04 20:44:18,868 - face_recognition - ERROR - Error deserializing embedding: invalid load key, '\x00'.
2025-06-04 20:44:18,868 - face_recognition - ERROR - Error deserializing embedding: invalid load key, '\x00'.
2025-06-04 20:44:18,868 - face_recognition - ERROR - Error deserializing embedding: invalid load key, '\x00'.
2025-06-04 20:44:18,868 - face_recognition - ERROR - Error deserializing embedding: invalid load key, '\x00'.
2025-06-04 20:44:18,868 - face_recognition - ERROR - Error deserializing embedding: invalid load key, '\x00'.
2025-06-04 20:44:18,869 - face_recognition - ERROR - Error deserializing embedding: invalid load key, '\x00'.
2025-06-04 20:44:18,869 - face_recognition - ERROR - Error deserializing embedding: invalid load key, '\x00'.
2025-06-04 20:44:50,905 - face_recognition - INFO - InsightFace model loaded successfully
2025-06-04 20:44:52,663 - face_recognition - ERROR - Error deserializing embedding: invalid load key, '\x00'.
2025-06-04 20:44:52,664 - face_recognition - ERROR - Error deserializing embedding: invalid load key, '\x00'.
2025-06-04 20:44:52,664 - face_recognition - ERROR - Error deserializing embedding: invalid load key, '\x00'.
2025-06-04 20:44:52,664 - face_recognition - ERROR - Error deserializing embedding: invalid load key, '\x00'.
2025-06-04 20:44:52,665 - face_recognition - ERROR - Error deserializing embedding: invalid load key, '\x00'.
2025-06-04 20:44:52,665 - face_recognition - ERROR - Error deserializing embedding: invalid load key, '\x00'.
2025-06-04 20:44:52,665 - face_recognition - ERROR - Error deserializing embedding: invalid load key, '\x00'.
2025-06-04 20:44:52,665 - face_recognition - ERROR - Error deserializing embedding: invalid load key, '\x00'.
2025-06-04 20:44:52,665 - face_recognition - ERROR - Error deserializing embedding: invalid load key, '\x00'.
2025-06-04 20:44:52,665 - face_recognition - ERROR - Error deserializing embedding: invalid load key, '\x00'.
2025-06-04 20:47:15,779 - face_recognition - INFO - InsightFace model loaded successfully
2025-06-04 20:47:16,703 - face_recognition - ERROR - Error deserializing embedding: invalid load key, '\x00'.
2025-06-04 20:47:16,703 - face_recognition - ERROR - Error deserializing embedding: invalid load key, '\x00'.
2025-06-04 20:47:16,703 - face_recognition - ERROR - Error deserializing embedding: invalid load key, '\x00'.
2025-06-04 20:47:16,703 - face_recognition - ERROR - Error deserializing embedding: invalid load key, '\x00'.
2025-06-04 20:47:16,703 - face_recognition - ERROR - Error deserializing embedding: invalid load key, '\x00'.
2025-06-04 20:47:16,703 - face_recognition - ERROR - Error deserializing embedding: invalid load key, '\x00'.
2025-06-04 20:47:16,703 - face_recognition - ERROR - Error deserializing embedding: invalid load key, '\x00'.
2025-06-04 20:47:16,704 - face_recognition - ERROR - Error deserializing embedding: invalid load key, '\x00'.
2025-06-04 20:47:16,704 - face_recognition - ERROR - Error deserializing embedding: invalid load key, '\x00'.
2025-06-04 20:47:16,704 - face_recognition - ERROR - Error deserializing embedding: invalid load key, '\x00'.
2025-06-04 20:47:17,937 - face_recognition - INFO - InsightFace model loaded successfully
2025-06-04 20:47:18,352 - face_recognition - ERROR - Error deserializing embedding: invalid load key, '\x00'.
2025-06-04 20:47:18,352 - face_recognition - ERROR - Error deserializing embedding: invalid load key, '\x00'.
2025-06-04 20:47:18,352 - face_recognition - ERROR - Error deserializing embedding: invalid load key, '\x00'.
2025-06-04 20:47:18,352 - face_recognition - ERROR - Error deserializing embedding: invalid load key, '\x00'.
2025-06-04 20:47:18,352 - face_recognition - ERROR - Error deserializing embedding: invalid load key, '\x00'.
2025-06-04 20:47:18,353 - face_recognition - ERROR - Error deserializing embedding: invalid load key, '\x00'.
2025-06-04 20:47:18,353 - face_recognition - ERROR - Error deserializing embedding: invalid load key, '\x00'.
2025-06-04 20:47:18,353 - face_recognition - ERROR - Error deserializing embedding: invalid load key, '\x00'.
2025-06-04 20:47:18,353 - face_recognition - ERROR - Error deserializing embedding: invalid load key, '\x00'.
2025-06-04 20:47:18,353 - face_recognition - ERROR - Error deserializing embedding: invalid load key, '\x00'.
2025-06-04 20:47:37,864 - face_recognition - INFO - InsightFace model loaded successfully
2025-06-04 20:47:38,377 - face_recognition - ERROR - Error comparing face embeddings: shapes (512,) and (32,) not aligned: 512 (dim 0) != 32 (dim 0)
2025-06-04 20:47:42,270 - face_recognition - INFO - InsightFace model loaded successfully
2025-06-04 20:47:42,826 - face_recognition - ERROR - Error comparing face embeddings: shapes (512,) and (32,) not aligned: 512 (dim 0) != 32 (dim 0)
2025-06-04 20:47:50,721 - face_recognition - INFO - InsightFace model loaded successfully
2025-06-04 20:47:51,358 - face_recognition - ERROR - Error deserializing embedding: invalid load key, '\x00'.
2025-06-04 20:47:51,359 - face_recognition - ERROR - Error deserializing embedding: invalid load key, '\x00'.
2025-06-04 20:47:51,359 - face_recognition - ERROR - Error deserializing embedding: invalid load key, '\x00'.
2025-06-04 20:47:51,359 - face_recognition - ERROR - Error deserializing embedding: invalid load key, '\x00'.
2025-06-04 20:47:51,359 - face_recognition - ERROR - Error deserializing embedding: invalid load key, '\x00'.
2025-06-04 20:47:51,359 - face_recognition - ERROR - Error deserializing embedding: invalid load key, '\x00'.
2025-06-04 20:47:51,359 - face_recognition - ERROR - Error deserializing embedding: invalid load key, '\x00'.
2025-06-04 20:47:51,359 - face_recognition - ERROR - Error deserializing embedding: invalid load key, '\x00'.
2025-06-04 20:47:51,359 - face_recognition - ERROR - Error deserializing embedding: invalid load key, '\x00'.
2025-06-04 20:47:51,359 - face_recognition - ERROR - Error deserializing embedding: invalid load key, '\x00'.
2025-06-04 20:51:44,327 - face_recognition - INFO - InsightFace model loaded successfully
2025-06-04 20:51:52,952 - face_recognition - INFO - InsightFace model loaded successfully
2025-06-04 20:51:57,535 - face_recognition - INFO - InsightFace model loaded successfully
2025-06-05 15:40:15,703 - face_recognition - INFO - InsightFace model loaded successfully
2025-06-05 15:40:27,753 - face_recognition - INFO - InsightFace model loaded successfully
2025-06-05 15:40:39,858 - face_recognition - INFO - InsightFace model loaded successfully
2025-06-05 15:40:49,519 - face_recognition - INFO - InsightFace model loaded successfully
2025-06-05 15:46:44,603 - face_recognition - INFO - InsightFace model loaded successfully
2025-06-05 15:46:55,017 - face_recognition - INFO - InsightFace model loaded successfully
2025-06-05 15:47:10,703 - face_recognition - INFO - InsightFace model loaded successfully
2025-06-05 15:47:24,557 - face_recognition - INFO - InsightFace model loaded successfully
2025-06-05 15:47:34,109 - face_recognition - INFO - InsightFace model loaded successfully
2025-06-05 15:48:35,808 - face_recognition - INFO - InsightFace model loaded successfully
2025-06-05 15:48:35,990 - face_recognition - WARNING - No face detected in the image
2025-06-05 15:48:41,722 - face_recognition - INFO - InsightFace model loaded successfully
2025-06-05 15:48:45,731 - face_recognition - INFO - InsightFace model loaded successfully
2025-06-05 15:48:55,270 - face_recognition - INFO - InsightFace model loaded successfully
2025-06-05 15:49:36,044 - face_recognition - INFO - InsightFace model loaded successfully
2025-06-05 15:49:36,294 - face_recognition - WARNING - No face detected in the image
2025-06-05 16:38:11,368 - face_recognition - INFO - InsightFace model loaded successfully
2025-06-05 16:38:18,823 - face_recognition - INFO - InsightFace model loaded successfully
2025-06-05 16:38:24,462 - face_recognition - INFO - InsightFace model loaded successfully
2025-06-05 16:38:29,767 - face_recognition - INFO - InsightFace model loaded successfully
2025-06-05 16:38:36,992 - face_recognition - INFO - InsightFace model loaded successfully
2025-06-05 16:38:42,284 - face_recognition - INFO - InsightFace model loaded successfully
2025-06-05 16:39:11,497 - face_recognition - INFO - InsightFace model loaded successfully
2025-06-05 16:39:12,052 - face_recognition - INFO - InsightFace model loaded successfully
2025-06-05 16:39:14,085 - face_recognition - INFO - InsightFace model loaded successfully
2025-06-05 16:39:15,776 - face_recognition - INFO - InsightFace model loaded successfully
2025-06-05 16:39:17,278 - face_recognition - INFO - InsightFace model loaded successfully
2025-06-05 16:39:23,975 - face_recognition - INFO - InsightFace model loaded successfully
2025-06-05 16:40:23,567 - face_recognition - INFO - InsightFace model loaded successfully
2025-06-05 16:40:26,911 - face_recognition - INFO - InsightFace model loaded successfully
2025-06-05 16:40:58,343 - face_recognition - INFO - InsightFace model loaded successfully
2025-06-05 16:41:05,856 - face_recognition - INFO - InsightFace model loaded successfully
2025-06-05 16:41:11,166 - face_recognition - INFO - InsightFace model loaded successfully
2025-06-05 16:41:16,250 - face_recognition - INFO - InsightFace model loaded successfully
2025-06-05 16:41:21,147 - face_recognition - INFO - InsightFace model loaded successfully
2025-06-05 16:41:25,000 - face_recognition - INFO - InsightFace model loaded successfully
2025-06-05 16:42:38,905 - face_recognition - INFO - InsightFace model loaded successfully
2025-06-05 16:42:39,453 - face_recognition - INFO - InsightFace model loaded successfully
2025-06-05 16:48:29,697 - face_recognition - INFO - InsightFace model loaded successfully
2025-06-05 16:48:30,236 - face_recognition - INFO - InsightFace model loaded successfully
2025-06-05 16:52:52,581 - face_recognition - INFO - InsightFace model loaded successfully
2025-06-05 16:53:00,693 - face_recognition - INFO - InsightFace model loaded successfully
2025-06-05 16:53:09,792 - face_recognition - INFO - InsightFace model loaded successfully
2025-06-05 16:53:14,466 - face_recognition - INFO - InsightFace model loaded successfully
2025-06-05 16:53:18,395 - face_recognition - INFO - InsightFace model loaded successfully
2025-06-05 16:53:23,008 - face_recognition - INFO - InsightFace model loaded successfully
2025-06-05 16:53:31,164 - face_recognition - INFO - InsightFace model loaded successfully
2025-06-05 16:53:48,648 - face_recognition - INFO - InsightFace model loaded successfully
2025-06-05 16:53:49,307 - face_recognition - INFO - InsightFace model loaded successfully
2025-06-05 16:53:54,341 - face_recognition - INFO - InsightFace model loaded successfully
2025-06-05 16:53:56,986 - face_recognition - INFO - InsightFace model loaded successfully
2025-06-05 16:53:59,306 - face_recognition - INFO - InsightFace model loaded successfully
2025-06-05 16:54:02,365 - face_recognition - INFO - InsightFace model loaded successfully
2025-06-05 16:54:07,761 - face_recognition - INFO - InsightFace model loaded successfully
2025-06-05 16:54:10,952 - face_recognition - INFO - InsightFace model loaded successfully
2025-06-05 16:54:30,225 - face_recognition - INFO - InsightFace model loaded successfully
2025-06-05 16:54:31,378 - face_recognition - INFO - InsightFace model loaded successfully
2025-06-05 16:54:36,847 - face_recognition - INFO - InsightFace model loaded successfully
2025-06-05 16:54:39,971 - face_recognition - INFO - InsightFace model loaded successfully
2025-06-05 16:54:41,572 - face_recognition - INFO - InsightFace model loaded successfully
2025-06-05 16:54:54,140 - face_recognition - INFO - InsightFace model loaded successfully
2025-06-05 16:55:24,439 - face_recognition - INFO - InsightFace model loaded successfully
2025-06-05 16:55:27,113 - face_recognition - INFO - InsightFace model loaded successfully
2025-06-05 16:55:30,360 - face_recognition - INFO - InsightFace model loaded successfully
2025-06-05 16:55:32,082 - face_recognition - INFO - InsightFace model loaded successfully
2025-06-05 16:56:09,232 - face_recognition - INFO - InsightFace model loaded successfully
2025-06-05 16:56:11,468 - face_recognition - INFO - InsightFace model loaded successfully
2025-06-05 16:56:12,531 - face_recognition - INFO - InsightFace model loaded successfully
2025-06-05 16:56:16,859 - face_recognition - INFO - InsightFace model loaded successfully
2025-06-05 16:56:18,523 - face_recognition - INFO - InsightFace model loaded successfully
2025-06-05 16:56:40,348 - face_recognition - INFO - InsightFace model loaded successfully
2025-06-05 16:58:02,073 - face_recognition - INFO - InsightFace model loaded successfully
2025-06-05 16:58:02,726 - face_recognition - INFO - InsightFace model loaded successfully
2025-06-05 16:58:06,492 - face_recognition - INFO - InsightFace model loaded successfully
2025-06-05 16:58:09,786 - face_recognition - INFO - InsightFace model loaded successfully
2025-06-05 21:52:50,603 - face_recognition - INFO - InsightFace model loaded successfully
2025-06-05 21:52:50,854 - face_recognition - WARNING - No face detected in the image
2025-06-05 21:53:10,268 - face_recognition - INFO - InsightFace model loaded successfully
2025-06-05 21:53:16,791 - face_recognition - INFO - InsightFace model loaded successfully
2025-06-05 21:55:29,651 - face_recognition - INFO - InsightFace model loaded successfully
2025-06-05 21:55:39,421 - face_recognition - INFO - InsightFace model loaded successfully
2025-06-05 21:55:46,670 - face_recognition - INFO - InsightFace model loaded successfully
2025-06-05 23:14:29,446 - face_recognition - INFO - InsightFace model loaded successfully
2025-06-05 23:15:51,980 - face_recognition - INFO - InsightFace model loaded successfully
2025-06-05 23:15:57,449 - face_recognition - INFO - InsightFace model loaded successfully
2025-06-05 23:16:01,486 - face_recognition - INFO - InsightFace model loaded successfully
2025-06-05 23:16:17,344 - face_recognition - INFO - InsightFace model loaded successfully
2025-06-05 23:30:47,174 - face_recognition - INFO - InsightFace model loaded successfully
2025-06-05 23:30:48,096 - face_recognition - INFO - InsightFace model loaded successfully
2025-06-06 10:43:06,672 - face_recognition - INFO - InsightFace model loaded successfully
2025-06-06 10:43:07,750 - face_recognition - INFO - InsightFace model loaded successfully
2025-06-06 10:43:19,766 - face_recognition - INFO - InsightFace model loaded successfully
2025-06-06 10:43:25,613 - face_recognition - INFO - InsightFace model loaded successfully
2025-06-06 10:43:27,708 - face_recognition - INFO - InsightFace model loaded successfully
2025-06-06 10:43:29,694 - face_recognition - INFO - InsightFace model loaded successfully
2025-06-06 10:48:10,532 - face_recognition - INFO - InsightFace model loaded successfully
2025-06-06 10:52:06,389 - face_recognition - INFO - InsightFace model loaded successfully
2025-06-06 10:52:06,852 - face_recognition - ERROR - Error checking liveness: No module named 'insightface.app.antisp'
2025-06-06 11:33:27,558 - face_recognition - INFO - InsightFace model loaded successfully
2025-06-06 11:33:27,559 - face_recognition - WARNING - InsightFace anti-spoofing module not available: No module named 'insightface.app.antisp'
2025-06-06 11:33:27,993 - face_recognition - WARNING - InsightFace anti-spoofing module not available: No module named 'insightface.app.antisp'
2025-06-06 11:33:27,997 - face_recognition - INFO - Fallback liveness check: REAL face (score: 3.16, texture: 6.62, edge: 0.97, detection: 0.75)
2025-06-06 11:33:27,998 - face_recognition - INFO - Liveness check passed for user 12: score=3.16, method=texture_analysis
2025-06-06 11:34:28,235 - face_recognition - INFO - InsightFace model loaded successfully
2025-06-06 11:34:28,236 - face_recognition - WARNING - InsightFace anti-spoofing module not available: No module named 'insightface.app.antisp'
2025-06-06 11:34:28,476 - face_recognition - WARNING - InsightFace anti-spoofing module not available: No module named 'insightface.app.antisp'
2025-06-06 11:34:28,477 - face_recognition - INFO - Fallback liveness check: REAL face (score: 4.11, texture: 8.98, edge: 0.96, detection: 0.77)
2025-06-06 11:34:28,477 - face_recognition - INFO - Liveness check passed for user 12: score=4.11, method=texture_analysis
2025-06-06 11:40:09,842 - face_recognition - INFO - InsightFace model loaded successfully
2025-06-06 11:40:10,220 - face_recognition - INFO - Liveness check: REAL face (score: 4.03, texture: 8.79, edge: 0.96, detection: 0.76)
2025-06-06 11:40:10,221 - face_recognition - INFO - Liveness check passed for user 12: score=4.03
2025-06-06 11:40:13,150 - face_recognition - INFO - InsightFace model loaded successfully
2025-06-06 11:40:13,530 - face_recognition - INFO - Liveness check: REAL face (score: 3.84, texture: 8.25, edge: 0.97, detection: 0.84)
2025-06-06 11:40:13,530 - face_recognition - INFO - Liveness check passed for user 12: score=3.84
2025-06-06 11:42:29,397 - face_recognition - INFO - InsightFace model loaded successfully
2025-06-06 11:42:29,791 - face_recognition - INFO - Liveness check: REAL face (score: 4.33, texture: 9.45, edge: 0.97, detection: 0.85)
2025-06-06 11:42:29,792 - face_recognition - INFO - Liveness check passed for user 12: score=4.33, strict=False
2025-06-06 11:44:34,927 - face_recognition - INFO - InsightFace model loaded successfully
2025-06-06 11:44:35,399 - face_recognition - WARNING - DCT check failed: OpenCV(4.11.0) /Users/xperience/GHA-Actions-OpenCV/_work/opencv-python/opencv-python/opencv/modules/core/src/dxt.cpp:4320: error: (-213:The function/feature is not implemented) Odd-size DCT's are not implemented in function 'apply'

2025-06-06 11:44:35,402 - face_recognition - INFO - Liveness check: REAL face (score: 0.87, texture: 1.00, edge: 0.98, detection: 0.85, dct: 0.50, color: 1.00)
2025-06-06 11:44:35,402 - face_recognition - INFO - Liveness check passed for user 12: score=0.87, strict=False
2025-06-06 11:44:37,747 - face_recognition - INFO - InsightFace model loaded successfully
2025-06-06 11:44:38,239 - face_recognition - WARNING - DCT check failed: OpenCV(4.11.0) /Users/xperience/GHA-Actions-OpenCV/_work/opencv-python/opencv-python/opencv/modules/core/src/dxt.cpp:4320: error: (-213:The function/feature is not implemented) Odd-size DCT's are not implemented in function 'apply'

2025-06-06 11:44:38,239 - face_recognition - INFO - Liveness check: REAL face (score: 0.87, texture: 1.00, edge: 0.97, detection: 0.85, dct: 0.50, color: 1.00)
2025-06-06 11:44:38,239 - face_recognition - INFO - Liveness check passed for user 12: score=0.87, strict=False
2025-06-06 11:52:23,574 - face_recognition - INFO - InsightFace model loaded successfully
2025-06-06 11:55:21,250 - face_recognition - INFO - InsightFace model loaded successfully
2025-06-06 11:55:22,719 - face_recognition - INFO - Spoof detection results: score=0.33, texture=0.00, reflection=0.03, quality=0.14, color_ratio=0.00, frequency=0.15
2025-06-06 11:56:45,091 - face_recognition - INFO - InsightFace model loaded successfully
2025-06-06 11:56:45,488 - face_recognition - INFO - Spoof detection results: score=0.31, texture=0.00, reflection=0.02, quality=0.13, color_ratio=0.01, frequency=0.15
2025-06-06 11:56:48,367 - face_recognition - INFO - InsightFace model loaded successfully
2025-06-06 11:56:48,662 - face_recognition - INFO - Spoof detection results: score=0.34, texture=0.00, reflection=0.02, quality=0.16, color_ratio=0.01, frequency=0.15
2025-06-06 11:56:58,341 - face_recognition - INFO - InsightFace model loaded successfully
2025-06-06 11:56:58,712 - face_recognition - INFO - Spoof detection results: score=0.41, texture=0.00, reflection=0.07, quality=0.18, color_ratio=0.00, frequency=0.15
2025-06-06 11:57:07,004 - face_recognition - INFO - InsightFace model loaded successfully
2025-06-06 11:57:07,418 - face_recognition - INFO - Spoof detection results: score=0.41, texture=0.00, reflection=0.07, quality=0.18, color_ratio=0.01, frequency=0.15
2025-06-06 17:40:35,395 - face_recognition - INFO - InsightFace model loaded successfully
2025-06-06 17:40:36,128 - face_recognition - INFO - InsightFace model loaded successfully
2025-06-06 17:40:46,142 - face_recognition - INFO - InsightFace model loaded successfully
2025-06-18 18:32:01,712 - face_recognition - INFO - InsightFace model loaded successfully
2025-06-18 18:32:25,379 - face_recognition - INFO - InsightFace model loaded successfully
2025-06-18 18:37:45,667 - face_recognition - INFO - InsightFace model loaded successfully
2025-06-18 18:48:27,094 - face_recognition - INFO - InsightFace model loaded successfully
2025-06-18 18:48:32,830 - face_recognition - INFO - InsightFace model loaded successfully
2025-06-18 18:49:23,561 - face_recognition - INFO - InsightFace model loaded successfully
2025-06-18 18:49:27,060 - face_recognition - INFO - InsightFace model loaded successfully
2025-06-18 18:50:26,279 - face_recognition - INFO - InsightFace model loaded successfully
2025-06-18 18:50:27,041 - face_recognition - INFO - InsightFace model loaded successfully
2025-06-18 18:50:27,240 - face_recognition - INFO - InsightFace spoof detection: score=0.05, texture=0.00, edges=0.01, detection=0.03, color=0.01
2025-06-18 18:50:27,241 - face_recognition - INFO - Anti-spoofing check passed using insightface model. Score: 0.05
2025-06-18 18:50:27,886 - face_recognition - INFO - InsightFace spoof detection: score=0.05, texture=0.00, edges=0.01, detection=0.03, color=0.01
2025-06-18 18:50:27,888 - face_recognition - INFO - Anti-spoofing check passed using insightface model. Score: 0.05
2025-06-19 21:37:47,385 - face_recognition - INFO - InsightFace model loaded successfully
2025-06-19 21:37:47,996 - face_recognition - INFO - InsightFace model loaded successfully
2025-06-19 21:37:48,597 - face_recognition - INFO - InsightFace spoof detection: score=0.09, texture=0.00, edges=0.01, detection=0.02, color=0.05
2025-06-19 21:37:48,598 - face_recognition - INFO - Anti-spoofing check passed using insightface model. Score: 0.09
2025-06-19 21:37:48,643 - face_recognition - INFO - InsightFace spoof detection: score=0.09, texture=0.00, edges=0.01, detection=0.02, color=0.06
2025-06-19 21:37:48,643 - face_recognition - INFO - Anti-spoofing check passed using insightface model. Score: 0.09
2025-06-19 21:43:37,033 - face_recognition - INFO - InsightFace model loaded successfully
2025-06-19 21:43:37,752 - face_recognition - INFO - InsightFace spoof detection: score=0.07, texture=0.00, edges=0.01, detection=0.04, color=0.03
2025-06-19 21:43:37,752 - face_recognition - INFO - Anti-spoofing check passed using insightface model. Score: 0.07
2025-06-19 21:43:48,405 - face_recognition - INFO - InsightFace model loaded successfully
2025-06-19 21:43:48,778 - face_recognition - INFO - InsightFace spoof detection: score=0.07, texture=0.00, edges=0.01, detection=0.04, color=0.03
2025-06-19 21:43:48,778 - face_recognition - INFO - Anti-spoofing check passed using insightface model. Score: 0.07
2025-06-19 21:45:06,229 - face_recognition - ERROR - Error initializing DeepFace: You have tensorflow 2.19.0 and this requires tf-keras package. Please run `pip install tf-keras` or downgrade your tensorflow.
2025-06-19 21:45:50,702 - face_recognition - INFO - DeepFace model loaded successfully (model: ArcFace, detector: retinaface)
2025-06-19 21:50:15,811 - face_recognition - INFO - DeepFace model loaded successfully (model: ArcFace, detector: retinaface)
2025-06-19 21:50:59,153 - face_recognition - INFO - DeepFace model loaded successfully (model: ArcFace, detector: retinaface)
2025-06-19 21:52:24,176 - face_recognition - INFO - DeepFace model loaded successfully (model: ArcFace, detector: retinaface)
2025-06-19 21:54:04,528 - face_recognition - INFO - DeepFace model loaded successfully (model: ArcFace, detector: retinaface)
2025-06-19 21:54:04,540 - face_recognition - INFO - DeepFace model loaded successfully (model: ArcFace, detector: retinaface)
2025-06-19 21:54:39,506 - face_recognition - INFO - DeepFace model loaded successfully (model: ArcFace, detector: retinaface)
2025-06-19 21:55:50,394 - face_recognition - INFO - DeepFace model loaded successfully (model: ArcFace, detector: retinaface)
2025-06-19 21:55:51,048 - face_recognition - INFO - DeepFace model loaded successfully (model: ArcFace, detector: retinaface)
2025-06-19 21:58:55,128 - face_recognition - INFO - DeepFace model loaded successfully (model: ArcFace, detector: retinaface)
2025-06-19 21:59:41,362 - face_recognition - INFO - InsightFace model loaded successfully
2025-06-19 21:59:41,903 - face_recognition - INFO - InsightFace spoof detection: score=0.08, texture=0.00, edges=0.01, detection=0.03, color=0.04
2025-06-19 21:59:41,903 - face_recognition - INFO - Anti-spoofing check passed using insightface model. Score: 0.08
2025-06-19 22:03:04,869 - face_recognition - INFO - InsightFace model loaded successfully
2025-06-19 22:03:05,292 - face_recognition - INFO - InsightFace spoof detection: score=0.08, texture=0.00, edges=0.01, detection=0.03, color=0.04
2025-06-19 22:03:05,292 - face_recognition - INFO - Anti-spoofing check passed using insightface model. Score: 0.08
2025-06-19 22:07:26,061 - face_recognition - INFO - InsightFace model loaded successfully
2025-06-19 22:07:26,630 - face_recognition - INFO - InsightFace spoof detection: score=0.11, texture=0.00, edges=0.01, detection=0.07, color=0.04
2025-06-19 22:07:26,631 - face_recognition - INFO - Anti-spoofing check passed using insightface model. Score: 0.11
2025-06-19 22:07:27,836 - face_recognition - INFO - InsightFace model loaded successfully
2025-06-19 22:07:28,502 - face_recognition - INFO - InsightFace spoof detection: score=0.07, texture=0.00, edges=0.01, detection=0.03, color=0.04
2025-06-19 22:07:28,502 - face_recognition - INFO - Anti-spoofing check passed using insightface model. Score: 0.07
2025-06-19 22:16:50,518 - face_recognition - INFO - InsightFace model loaded successfully
2025-06-19 22:16:51,060 - face_recognition - INFO - InsightFace spoof detection: score=0.06, texture=0.00, edges=0.01, detection=0.04, color=0.01
2025-06-19 22:16:51,061 - face_recognition - INFO - Anti-spoofing check passed using insightface model. Score: 0.06
2025-06-19 22:24:48,574 - face_recognition - INFO - InsightFace model loaded successfully
2025-06-19 22:24:49,239 - face_recognition - INFO - InsightFace model loaded successfully
2025-06-19 22:24:49,622 - face_recognition - INFO - InsightFace spoof detection: score=0.07, texture=0.00, edges=0.01, detection=0.03, color=0.03
2025-06-19 22:24:49,622 - face_recognition - INFO - Anti-spoofing check passed using insightface model. Score: 0.07
2025-06-19 22:24:50,177 - face_recognition - INFO - InsightFace spoof detection: score=0.07, texture=0.00, edges=0.01, detection=0.03, color=0.03
2025-06-19 22:24:50,177 - face_recognition - INFO - Anti-spoofing check passed using insightface model. Score: 0.07
2025-06-19 22:25:09,792 - face_recognition - INFO - InsightFace model loaded successfully
2025-06-19 22:25:10,358 - face_recognition - INFO - InsightFace spoof detection: score=0.07, texture=0.00, edges=0.01, detection=0.04, color=0.02
2025-06-19 22:25:10,358 - face_recognition - INFO - Anti-spoofing check passed using insightface model. Score: 0.07
2025-06-19 22:25:39,790 - face_recognition - INFO - DeepFace model loaded successfully (model: ArcFace, detector: retinaface)
2025-06-19 22:30:15,303 - face_recognition - INFO - DeepFace model loaded successfully (model: ArcFace, detector: retinaface)
2025-06-19 22:30:15,304 - face_recognition - INFO - Anti-spoofing check disabled for DeepFace - automatically passing
2025-06-19 22:30:15,304 - face_recognition - INFO - Anti-spoofing check passed using deepface model. Score: 0.00
2025-06-19 22:30:15,321 - face_recognition - INFO - DeepFace model loaded successfully (model: ArcFace, detector: retinaface)
2025-06-19 22:30:15,322 - face_recognition - INFO - Anti-spoofing check disabled for DeepFace - automatically passing
2025-06-19 22:30:15,322 - face_recognition - INFO - Anti-spoofing check passed using deepface model. Score: 0.00
2025-06-19 22:30:31,258 - face_recognition - INFO - DeepFace model loaded successfully (model: ArcFace, detector: retinaface)
2025-06-19 22:30:31,258 - face_recognition - INFO - Anti-spoofing check disabled for DeepFace - automatically passing
2025-06-19 22:30:31,259 - face_recognition - INFO - Anti-spoofing check passed using deepface model. Score: 0.00
2025-06-19 22:35:15,826 - face_recognition - INFO - DeepFace model loaded successfully (model: ArcFace, detector: retinaface)
2025-06-19 22:35:15,827 - face_recognition - INFO - Anti-spoofing check disabled for DeepFace - automatically passing
2025-06-19 22:35:15,827 - face_recognition - INFO - Anti-spoofing check passed using deepface model. Score: 0.00
2025-06-19 22:35:47,920 - face_recognition - INFO - DeepFace model loaded successfully (model: ArcFace, detector: retinaface)
2025-06-19 22:36:25,430 - face_recognition - INFO - DeepFace model loaded successfully (model: ArcFace, detector: retinaface)
2025-06-19 22:38:09,775 - face_recognition - INFO - InsightFace model loaded successfully
2025-06-19 22:38:48,995 - face_recognition - INFO - InsightFace model loaded successfully
2025-06-19 22:38:57,792 - face_recognition - INFO - InsightFace model loaded successfully
2025-06-19 22:39:07,428 - face_recognition - INFO - InsightFace model loaded successfully
2025-06-19 22:39:12,295 - face_recognition - INFO - InsightFace model loaded successfully
2025-06-19 22:39:27,946 - face_recognition - INFO - InsightFace model loaded successfully
2025-06-19 22:39:28,620 - face_recognition - INFO - InsightFace spoof detection: score=0.08, texture=0.00, edges=0.01, detection=0.03, color=0.03
2025-06-19 22:39:28,621 - face_recognition - INFO - Anti-spoofing check passed using insightface model. Score: 0.08
2025-06-19 22:39:28,667 - face_recognition - INFO - InsightFace spoof detection: score=0.08, texture=0.00, edges=0.01, detection=0.04, color=0.04
2025-06-19 22:39:28,670 - face_recognition - INFO - Anti-spoofing check passed using insightface model. Score: 0.08
2025-06-19 22:41:40,177 - face_recognition - INFO - DeepFace model loaded successfully (model: ArcFace, detector: retinaface)
2025-06-19 22:41:40,177 - face_recognition - INFO - Registering new face using deepface model
2025-06-19 22:41:40,190 - face_recognition - INFO - Starting DeepFace embedding extraction
2025-06-19 22:41:40,191 - face_recognition - INFO - Image saved to temporary file: /var/folders/c9/8rc_zy1n66b9fv9658s4z6g00000gn/T/tmp0m7ch938.jpg
2025-06-19 22:41:40,191 - face_recognition - INFO - Calling DeepFace.represent with model=ArcFace, detector=retinaface
2025-06-19 22:43:53,358 - face_recognition - INFO - Registering new face using deepface model
2025-06-19 22:43:53,363 - face_recognition - INFO - Starting DeepFace embedding extraction
2025-06-19 22:43:53,364 - face_recognition - INFO - Image saved to temporary file: /var/folders/c9/8rc_zy1n66b9fv9658s4z6g00000gn/T/tmp5kda29uv.jpg
2025-06-19 22:43:53,364 - face_recognition - INFO - Calling DeepFace.represent with model=ArcFace, detector=retinaface
2025-06-19 22:45:10,795 - face_recognition - INFO - Registering new face using deepface model
2025-06-19 22:45:10,801 - face_recognition - INFO - Starting DeepFace embedding extraction
2025-06-19 22:45:10,802 - face_recognition - INFO - Image saved to temporary file: /var/folders/c9/8rc_zy1n66b9fv9658s4z6g00000gn/T/tmplvydsrpv.jpg
2025-06-19 22:45:10,802 - face_recognition - INFO - Calling DeepFace.represent with model=ArcFace, detector=retinaface
2025-06-19 22:45:29,791 - face_recognition - INFO - Registering new face using deepface model
2025-06-19 22:45:29,795 - face_recognition - INFO - Starting DeepFace embedding extraction
2025-06-19 22:45:29,796 - face_recognition - INFO - Image saved to temporary file: /var/folders/c9/8rc_zy1n66b9fv9658s4z6g00000gn/T/tmptf44d5rg.jpg
2025-06-19 22:45:29,797 - face_recognition - INFO - Calling DeepFace.represent with model=ArcFace, detector=retinaface
2025-06-19 22:47:57,220 - face_recognition - INFO - DeepFace model loaded successfully (model: ArcFace, detector: retinaface)
2025-06-19 22:47:57,232 - face_recognition - INFO - Registering new face using deepface model
2025-06-19 22:47:57,268 - face_recognition - INFO - Starting DeepFace embedding extraction
2025-06-19 22:47:57,269 - face_recognition - INFO - Image saved to temporary file: /var/folders/c9/8rc_zy1n66b9fv9658s4z6g00000gn/T/tmp6d5lqg3h.jpg
2025-06-19 22:47:57,269 - face_recognition - INFO - Calling DeepFace.represent with model=ArcFace, detector=opencv
2025-06-19 22:47:57,269 - face_recognition - ERROR - DeepFace face detection failed: signal only works in main thread of the main interpreter
2025-06-19 22:47:57,270 - face_recognition - WARNING - DeepFace face extraction failed - falling back to InsightFace
2025-06-19 22:47:58,128 - face_recognition - INFO - InsightFace model loaded successfully
2025-06-19 22:47:58,612 - face_recognition - INFO - InsightFace fallback succeeded
2025-06-19 22:47:58,612 - face_recognition - INFO - Face embedding extracted successfully with confidence: 0.86
2025-06-19 22:48:05,704 - face_recognition - INFO - Registering new face using deepface model
2025-06-19 22:48:05,710 - face_recognition - INFO - Starting DeepFace embedding extraction
2025-06-19 22:48:05,712 - face_recognition - INFO - Image saved to temporary file: /var/folders/c9/8rc_zy1n66b9fv9658s4z6g00000gn/T/tmpvuw2gtdz.jpg
2025-06-19 22:48:05,712 - face_recognition - INFO - Calling DeepFace.represent with model=ArcFace, detector=opencv
2025-06-19 22:48:05,712 - face_recognition - ERROR - DeepFace face detection failed: signal only works in main thread of the main interpreter
2025-06-19 22:48:05,713 - face_recognition - WARNING - DeepFace face extraction failed - falling back to InsightFace
2025-06-19 22:48:06,455 - face_recognition - INFO - InsightFace fallback succeeded
2025-06-19 22:48:06,455 - face_recognition - INFO - Face embedding extracted successfully with confidence: 0.86
2025-06-19 22:53:00,104 - face_recognition - INFO - DeepFace model loaded successfully (model: ArcFace, detector: retinaface)
2025-06-19 22:53:00,104 - face_recognition - INFO - Registering new face using deepface model
2025-06-19 22:53:00,120 - face_recognition - INFO - Starting DeepFace embedding extraction
2025-06-19 22:53:00,121 - face_recognition - INFO - Image saved to temporary file: /var/folders/c9/8rc_zy1n66b9fv9658s4z6g00000gn/T/tmpw3circ7m.jpg
2025-06-19 22:53:00,121 - face_recognition - INFO - Calling DeepFace.represent with model=ArcFace, detector=opencv
2025-06-19 22:53:01,107 - face_recognition - INFO - DeepFace returned 1 embeddings
2025-06-19 22:53:01,107 - face_recognition - INFO - Embedding extracted with shape: (512,)
2025-06-19 22:53:01,111 - face_recognition - INFO - Face image captured successfully
2025-06-19 22:53:01,112 - face_recognition - INFO - Face embedding extracted successfully with confidence: 0.90
2025-06-19 22:53:16,850 - face_recognition - INFO - Registering new face using deepface model
2025-06-19 22:53:16,857 - face_recognition - INFO - Starting DeepFace embedding extraction
2025-06-19 22:53:16,857 - face_recognition - INFO - Image saved to temporary file: /var/folders/c9/8rc_zy1n66b9fv9658s4z6g00000gn/T/tmpv0o3hvcg.jpg
2025-06-19 22:53:16,857 - face_recognition - INFO - Calling DeepFace.represent with model=ArcFace, detector=opencv
2025-06-19 22:53:17,165 - face_recognition - INFO - DeepFace returned 1 embeddings
2025-06-19 22:53:17,165 - face_recognition - INFO - Embedding extracted with shape: (512,)
2025-06-19 22:53:17,168 - face_recognition - INFO - Face image captured successfully
2025-06-19 22:53:17,169 - face_recognition - INFO - Face embedding extracted successfully with confidence: 0.90
2025-06-19 22:53:23,079 - face_recognition - INFO - Registering new face using deepface model
2025-06-19 22:53:23,083 - face_recognition - INFO - Starting DeepFace embedding extraction
2025-06-19 22:53:23,083 - face_recognition - INFO - Image saved to temporary file: /var/folders/c9/8rc_zy1n66b9fv9658s4z6g00000gn/T/tmpu6dhs0g3.jpg
2025-06-19 22:53:23,083 - face_recognition - INFO - Calling DeepFace.represent with model=ArcFace, detector=opencv
2025-06-19 22:53:23,330 - face_recognition - INFO - DeepFace returned 1 embeddings
2025-06-19 22:53:23,330 - face_recognition - INFO - Embedding extracted with shape: (512,)
2025-06-19 22:53:23,333 - face_recognition - INFO - Face image captured successfully
2025-06-19 22:53:23,334 - face_recognition - INFO - Face embedding extracted successfully with confidence: 0.90
2025-06-19 22:53:36,173 - face_recognition - INFO - Registering new face using deepface model
2025-06-19 22:53:36,178 - face_recognition - INFO - Starting DeepFace embedding extraction
2025-06-19 22:53:36,179 - face_recognition - INFO - Image saved to temporary file: /var/folders/c9/8rc_zy1n66b9fv9658s4z6g00000gn/T/tmp_a_4zuir.jpg
2025-06-19 22:53:36,179 - face_recognition - INFO - Calling DeepFace.represent with model=ArcFace, detector=opencv
2025-06-19 22:53:36,608 - face_recognition - INFO - DeepFace returned 1 embeddings
2025-06-19 22:53:36,608 - face_recognition - INFO - Embedding extracted with shape: (512,)
2025-06-19 22:53:36,611 - face_recognition - INFO - Face image captured successfully
2025-06-19 22:53:36,612 - face_recognition - INFO - Face embedding extracted successfully with confidence: 0.90
2025-06-19 22:53:54,515 - face_recognition - INFO - InsightFace model loaded successfully
2025-06-19 22:53:55,410 - face_recognition - INFO - InsightFace spoof detection: score=0.09, texture=0.00, edges=0.01, detection=0.04, color=0.04
2025-06-19 22:53:55,410 - face_recognition - INFO - InsightFace spoof detection: score=0.08, texture=0.00, edges=0.01, detection=0.03, color=0.04
2025-06-19 22:53:55,411 - face_recognition - INFO - Anti-spoofing check passed using insightface model. Score: 0.09
2025-06-19 22:53:55,411 - face_recognition - INFO - Anti-spoofing check passed using insightface model. Score: 0.08
2025-06-19 22:54:04,854 - face_recognition - INFO - InsightFace spoof detection: score=0.08, texture=0.00, edges=0.01, detection=0.02, color=0.05
2025-06-19 22:54:04,855 - face_recognition - INFO - Anti-spoofing check passed using insightface model. Score: 0.08
2025-06-19 22:55:12,416 - face_recognition - INFO - InsightFace model loaded successfully
2025-06-19 22:55:12,991 - face_recognition - INFO - InsightFace spoof detection: score=0.07, texture=0.00, edges=0.01, detection=0.04, color=0.02
2025-06-19 22:55:12,993 - face_recognition - INFO - Anti-spoofing check passed using insightface model. Score: 0.07
2025-06-19 22:55:25,340 - face_recognition - INFO - InsightFace spoof detection: score=0.08, texture=0.00, edges=0.01, detection=0.03, color=0.04
2025-06-19 22:55:25,342 - face_recognition - INFO - Anti-spoofing check passed using insightface model. Score: 0.08
2025-06-19 23:01:18,962 - face_recognition - INFO - DeepFace model loaded successfully (model: ArcFace, detector: retinaface)
2025-06-19 23:01:18,963 - face_recognition - INFO - Anti-spoofing check disabled for DeepFace - automatically passing
2025-06-19 23:01:18,963 - face_recognition - INFO - Anti-spoofing check passed using deepface model. Score: 0.00
2025-06-19 23:01:18,975 - face_recognition - INFO - Starting DeepFace embedding extraction
2025-06-19 23:01:18,975 - face_recognition - INFO - Image saved to temporary file: /var/folders/c9/8rc_zy1n66b9fv9658s4z6g00000gn/T/tmpana4kod_.jpg
2025-06-19 23:01:18,976 - face_recognition - INFO - Calling DeepFace.represent with model=ArcFace, detector=opencv
2025-06-19 23:01:19,445 - face_recognition - INFO - DeepFace returned 1 embeddings
2025-06-19 23:01:19,445 - face_recognition - INFO - Embedding extracted with shape: (512,)
2025-06-19 23:01:19,448 - face_recognition - INFO - Face image captured successfully
2025-06-19 23:01:30,639 - face_recognition - INFO - DeepFace model loaded successfully (model: ArcFace, detector: retinaface)
2025-06-19 23:01:30,639 - face_recognition - INFO - Anti-spoofing check disabled for DeepFace - automatically passing
2025-06-19 23:01:30,640 - face_recognition - INFO - Anti-spoofing check passed using deepface model. Score: 0.00
2025-06-19 23:01:30,650 - face_recognition - INFO - Starting DeepFace embedding extraction
2025-06-19 23:01:30,650 - face_recognition - INFO - Image saved to temporary file: /var/folders/c9/8rc_zy1n66b9fv9658s4z6g00000gn/T/tmpioywh5c_.jpg
2025-06-19 23:01:30,650 - face_recognition - INFO - Calling DeepFace.represent with model=ArcFace, detector=opencv
2025-06-19 23:01:31,027 - face_recognition - INFO - DeepFace returned 1 embeddings
2025-06-19 23:01:31,028 - face_recognition - INFO - Embedding extracted with shape: (512,)
2025-06-19 23:01:31,030 - face_recognition - INFO - Face image captured successfully
2025-06-19 23:01:52,584 - face_recognition - INFO - DeepFace model loaded successfully (model: ArcFace, detector: retinaface)
2025-06-19 23:01:52,584 - face_recognition - INFO - Anti-spoofing check disabled for DeepFace - automatically passing
2025-06-19 23:01:52,584 - face_recognition - INFO - Anti-spoofing check passed using deepface model. Score: 0.00
2025-06-19 23:01:52,592 - face_recognition - INFO - Starting DeepFace embedding extraction
2025-06-19 23:01:52,593 - face_recognition - INFO - Image saved to temporary file: /var/folders/c9/8rc_zy1n66b9fv9658s4z6g00000gn/T/tmposltj997.jpg
2025-06-19 23:01:52,593 - face_recognition - INFO - Calling DeepFace.represent with model=ArcFace, detector=opencv
2025-06-19 23:01:52,980 - face_recognition - INFO - DeepFace returned 1 embeddings
2025-06-19 23:01:52,980 - face_recognition - INFO - Embedding extracted with shape: (512,)
2025-06-19 23:01:52,982 - face_recognition - INFO - Face image captured successfully
2025-06-19 23:03:27,897 - face_recognition - INFO - Anti-spoofing check disabled for DeepFace - automatically passing
2025-06-19 23:03:27,898 - face_recognition - INFO - Anti-spoofing check passed using deepface model. Score: 0.00
2025-06-19 23:03:27,903 - face_recognition - INFO - Starting DeepFace embedding extraction
2025-06-19 23:03:27,904 - face_recognition - INFO - Image saved to temporary file: /var/folders/c9/8rc_zy1n66b9fv9658s4z6g00000gn/T/tmp3fk5zb0w.jpg
2025-06-19 23:03:27,904 - face_recognition - INFO - Calling DeepFace.represent with model=ArcFace, detector=opencv
2025-06-19 23:03:28,355 - face_recognition - INFO - DeepFace returned 1 embeddings
2025-06-19 23:03:28,355 - face_recognition - INFO - Embedding extracted with shape: (512,)
2025-06-19 23:03:28,358 - face_recognition - INFO - Face image captured successfully
2025-06-19 23:03:30,397 - face_recognition - INFO - Anti-spoofing check disabled for DeepFace - automatically passing
2025-06-19 23:03:30,397 - face_recognition - INFO - Anti-spoofing check passed using deepface model. Score: 0.00
2025-06-19 23:03:30,400 - face_recognition - INFO - Starting DeepFace embedding extraction
2025-06-19 23:03:30,401 - face_recognition - INFO - Image saved to temporary file: /var/folders/c9/8rc_zy1n66b9fv9658s4z6g00000gn/T/tmp2afoh82w.jpg
2025-06-19 23:03:30,401 - face_recognition - INFO - Calling DeepFace.represent with model=ArcFace, detector=opencv
2025-06-19 23:03:30,730 - face_recognition - INFO - DeepFace returned 1 embeddings
2025-06-19 23:03:30,731 - face_recognition - INFO - Embedding extracted with shape: (512,)
2025-06-19 23:03:30,734 - face_recognition - INFO - Face image captured successfully
2025-06-19 23:03:32,201 - face_recognition - INFO - Anti-spoofing check disabled for DeepFace - automatically passing
2025-06-19 23:03:32,201 - face_recognition - INFO - Anti-spoofing check passed using deepface model. Score: 0.00
2025-06-19 23:03:32,204 - face_recognition - INFO - Starting DeepFace embedding extraction
2025-06-19 23:03:32,205 - face_recognition - INFO - Image saved to temporary file: /var/folders/c9/8rc_zy1n66b9fv9658s4z6g00000gn/T/tmpz4ax1k3q.jpg
2025-06-19 23:03:32,205 - face_recognition - INFO - Calling DeepFace.represent with model=ArcFace, detector=opencv
2025-06-19 23:03:32,447 - face_recognition - INFO - DeepFace returned 1 embeddings
2025-06-19 23:03:32,448 - face_recognition - INFO - Embedding extracted with shape: (512,)
2025-06-19 23:03:32,451 - face_recognition - INFO - Face image captured successfully
2025-06-19 23:03:39,683 - face_recognition - INFO - Anti-spoofing check disabled for DeepFace - automatically passing
2025-06-19 23:03:39,685 - face_recognition - INFO - Anti-spoofing check passed using deepface model. Score: 0.00
2025-06-19 23:03:39,690 - face_recognition - INFO - Starting DeepFace embedding extraction
2025-06-19 23:03:39,691 - face_recognition - INFO - Image saved to temporary file: /var/folders/c9/8rc_zy1n66b9fv9658s4z6g00000gn/T/tmps5ksdm6k.jpg
2025-06-19 23:03:39,691 - face_recognition - INFO - Calling DeepFace.represent with model=ArcFace, detector=opencv
2025-06-19 23:03:40,062 - face_recognition - INFO - DeepFace returned 1 embeddings
2025-06-19 23:03:40,062 - face_recognition - INFO - Embedding extracted with shape: (512,)
2025-06-19 23:03:40,065 - face_recognition - INFO - Face image captured successfully
2025-06-19 23:03:45,908 - face_recognition - INFO - Anti-spoofing check disabled for DeepFace - automatically passing
2025-06-19 23:03:45,909 - face_recognition - INFO - Anti-spoofing check passed using deepface model. Score: 0.00
2025-06-19 23:03:45,913 - face_recognition - INFO - Starting DeepFace embedding extraction
2025-06-19 23:03:45,913 - face_recognition - INFO - Image saved to temporary file: /var/folders/c9/8rc_zy1n66b9fv9658s4z6g00000gn/T/tmpznp0y_1j.jpg
2025-06-19 23:03:45,913 - face_recognition - INFO - Calling DeepFace.represent with model=ArcFace, detector=opencv
2025-06-19 23:03:46,168 - face_recognition - INFO - DeepFace returned 1 embeddings
2025-06-19 23:03:46,168 - face_recognition - INFO - Embedding extracted with shape: (512,)
2025-06-19 23:03:46,171 - face_recognition - INFO - Face image captured successfully
2025-06-19 23:03:48,576 - face_recognition - INFO - Anti-spoofing check disabled for DeepFace - automatically passing
2025-06-19 23:03:48,576 - face_recognition - INFO - Anti-spoofing check passed using deepface model. Score: 0.00
2025-06-19 23:03:48,579 - face_recognition - INFO - Starting DeepFace embedding extraction
2025-06-19 23:03:48,579 - face_recognition - INFO - Image saved to temporary file: /var/folders/c9/8rc_zy1n66b9fv9658s4z6g00000gn/T/tmpzxp522d7.jpg
2025-06-19 23:03:48,580 - face_recognition - INFO - Calling DeepFace.represent with model=ArcFace, detector=opencv
2025-06-19 23:03:48,748 - face_recognition - INFO - DeepFace returned 1 embeddings
2025-06-19 23:03:48,749 - face_recognition - INFO - Embedding extracted with shape: (512,)
2025-06-19 23:03:48,751 - face_recognition - INFO - Face image captured successfully
2025-06-19 23:03:51,209 - face_recognition - INFO - Anti-spoofing check disabled for DeepFace - automatically passing
2025-06-19 23:03:51,209 - face_recognition - INFO - Anti-spoofing check passed using deepface model. Score: 0.00
2025-06-19 23:03:51,213 - face_recognition - INFO - Starting DeepFace embedding extraction
2025-06-19 23:03:51,214 - face_recognition - INFO - Image saved to temporary file: /var/folders/c9/8rc_zy1n66b9fv9658s4z6g00000gn/T/tmp3ulghm7h.jpg
2025-06-19 23:03:51,214 - face_recognition - INFO - Calling DeepFace.represent with model=ArcFace, detector=opencv
2025-06-19 23:03:51,461 - face_recognition - INFO - DeepFace returned 1 embeddings
2025-06-19 23:03:51,461 - face_recognition - INFO - Embedding extracted with shape: (512,)
2025-06-19 23:03:51,464 - face_recognition - INFO - Face image captured successfully
2025-06-19 23:03:53,184 - face_recognition - INFO - Anti-spoofing check disabled for DeepFace - automatically passing
2025-06-19 23:03:53,184 - face_recognition - INFO - Anti-spoofing check passed using deepface model. Score: 0.00
2025-06-19 23:03:53,188 - face_recognition - INFO - Starting DeepFace embedding extraction
2025-06-19 23:03:53,189 - face_recognition - INFO - Image saved to temporary file: /var/folders/c9/8rc_zy1n66b9fv9658s4z6g00000gn/T/tmp6v7fca1n.jpg
2025-06-19 23:03:53,189 - face_recognition - INFO - Calling DeepFace.represent with model=ArcFace, detector=opencv
2025-06-19 23:03:53,351 - face_recognition - INFO - DeepFace returned 1 embeddings
2025-06-19 23:03:53,351 - face_recognition - INFO - Embedding extracted with shape: (512,)
2025-06-19 23:03:53,353 - face_recognition - INFO - Face image captured successfully
2025-06-19 23:12:41,200 - face_recognition - INFO - Using default model for check_in: insightface
2025-06-19 23:12:41,865 - face_recognition - INFO - InsightFace model loaded successfully
2025-06-19 23:12:41,975 - face_recognition - INFO - Using default model for check_in: insightface
2025-06-19 23:12:42,603 - face_recognition - INFO - InsightFace spoof detection: score=0.09, texture=0.00, edges=0.01, detection=0.04, color=0.05
2025-06-19 23:12:42,604 - face_recognition - INFO - Anti-spoofing check passed using insightface model. Score: 0.09
2025-06-19 23:12:42,604 - face_recognition - INFO - InsightFace spoof detection: score=0.10, texture=0.00, edges=0.01, detection=0.04, color=0.05
2025-06-19 23:12:42,604 - face_recognition - INFO - Anti-spoofing check passed using insightface model. Score: 0.10
2025-06-19 23:13:11,812 - face_recognition - INFO - Using default model for check_in: insightface
2025-06-19 23:13:12,355 - face_recognition - INFO - InsightFace spoof detection: score=0.09, texture=0.00, edges=0.01, detection=0.05, color=0.03
2025-06-19 23:13:12,355 - face_recognition - INFO - Anti-spoofing check passed using insightface model. Score: 0.09
2025-06-19 23:13:37,399 - face_recognition - INFO - Using default model for check_in: insightface
2025-06-19 23:13:37,942 - face_recognition - INFO - InsightFace spoof detection: score=0.09, texture=0.00, edges=0.01, detection=0.03, color=0.05
2025-06-19 23:13:37,942 - face_recognition - INFO - Anti-spoofing check passed using insightface model. Score: 0.09
2025-06-19 23:13:46,277 - face_recognition - INFO - Using default model for check_in: deepface
2025-06-19 23:13:54,534 - face_recognition - INFO - DeepFace model loaded successfully (model: ArcFace, detector: retinaface)
2025-06-19 23:13:54,536 - face_recognition - INFO - Anti-spoofing check disabled for DeepFace - automatically passing
2025-06-19 23:13:54,536 - face_recognition - INFO - Anti-spoofing check passed using deepface model. Score: 0.00
2025-06-19 23:13:54,550 - face_recognition - INFO - Starting DeepFace embedding extraction
2025-06-19 23:13:54,551 - face_recognition - INFO - Image saved to temporary file: /var/folders/c9/8rc_zy1n66b9fv9658s4z6g00000gn/T/tmp31ultsyz.jpg
2025-06-19 23:13:54,552 - face_recognition - INFO - Calling DeepFace.represent with model=ArcFace, detector=opencv
2025-06-19 23:13:55,115 - face_recognition - INFO - DeepFace returned 1 embeddings
2025-06-19 23:13:55,115 - face_recognition - INFO - Embedding extracted with shape: (512,)
2025-06-19 23:13:55,118 - face_recognition - INFO - Face image captured successfully
2025-06-19 23:13:58,238 - face_recognition - INFO - Using default model for check_in: deepface
2025-06-19 23:13:58,240 - face_recognition - INFO - Anti-spoofing check disabled for DeepFace - automatically passing
2025-06-19 23:13:58,240 - face_recognition - INFO - Anti-spoofing check passed using deepface model. Score: 0.00
2025-06-19 23:13:58,243 - face_recognition - INFO - Starting DeepFace embedding extraction
2025-06-19 23:13:58,244 - face_recognition - INFO - Image saved to temporary file: /var/folders/c9/8rc_zy1n66b9fv9658s4z6g00000gn/T/tmpn6x2exh3.jpg
2025-06-19 23:13:58,244 - face_recognition - INFO - Calling DeepFace.represent with model=ArcFace, detector=opencv
2025-06-19 23:13:58,501 - face_recognition - INFO - DeepFace returned 1 embeddings
2025-06-19 23:13:58,501 - face_recognition - INFO - Embedding extracted with shape: (512,)
2025-06-19 23:13:58,504 - face_recognition - INFO - Face image captured successfully
2025-06-19 23:14:00,454 - face_recognition - INFO - Using default model for check_in: deepface
2025-06-19 23:14:00,456 - face_recognition - INFO - Anti-spoofing check disabled for DeepFace - automatically passing
2025-06-19 23:14:00,457 - face_recognition - INFO - Anti-spoofing check passed using deepface model. Score: 0.00
2025-06-19 23:14:00,460 - face_recognition - INFO - Starting DeepFace embedding extraction
2025-06-19 23:14:00,460 - face_recognition - INFO - Image saved to temporary file: /var/folders/c9/8rc_zy1n66b9fv9658s4z6g00000gn/T/tmp1_vhpto4.jpg
2025-06-19 23:14:00,461 - face_recognition - INFO - Calling DeepFace.represent with model=ArcFace, detector=opencv
2025-06-19 23:14:00,658 - face_recognition - INFO - DeepFace returned 1 embeddings
2025-06-19 23:14:00,658 - face_recognition - INFO - Embedding extracted with shape: (512,)
2025-06-19 23:14:00,662 - face_recognition - INFO - Face image captured successfully
2025-06-19 23:14:08,098 - face_recognition - INFO - Using default model for check_in: insightface
2025-06-19 23:14:08,866 - face_recognition - INFO - InsightFace model loaded successfully
2025-06-19 23:14:09,728 - face_recognition - INFO - InsightFace spoof detection: score=0.10, texture=0.00, edges=0.01, detection=0.04, color=0.06
2025-06-19 23:14:09,729 - face_recognition - INFO - Anti-spoofing check passed using insightface model. Score: 0.10
2025-06-19 23:15:58,001 - face_recognition - INFO - Using default model for register_face: insightface
2025-06-19 23:15:58,869 - face_recognition - INFO - InsightFace model loaded successfully
2025-06-19 23:15:58,870 - face_recognition - INFO - Registering new face using insightface model
2025-06-19 23:15:59,587 - face_recognition - INFO - Face embedding extracted successfully with confidence: 0.77
2025-06-19 23:16:02,742 - face_recognition - INFO - Using default model for register_face: insightface
2025-06-19 23:16:02,742 - face_recognition - INFO - Registering new face using insightface model
2025-06-19 23:16:03,162 - face_recognition - INFO - Face embedding extracted successfully with confidence: 0.81
2025-06-19 23:16:07,659 - face_recognition - INFO - Using default model for register_face: insightface
2025-06-19 23:16:07,659 - face_recognition - INFO - Registering new face using insightface model
2025-06-19 23:16:08,050 - face_recognition - INFO - Face embedding extracted successfully with confidence: 0.82
2025-06-19 23:16:11,379 - face_recognition - INFO - Using default model for register_face: insightface
2025-06-19 23:16:11,379 - face_recognition - INFO - Registering new face using insightface model
2025-06-19 23:16:11,806 - face_recognition - INFO - Face embedding extracted successfully with confidence: 0.89
2025-06-19 23:16:15,065 - face_recognition - INFO - Using default model for register_face: insightface
2025-06-19 23:16:15,065 - face_recognition - INFO - Registering new face using insightface model
2025-06-19 23:16:15,517 - face_recognition - INFO - Face embedding extracted successfully with confidence: 0.85
2025-06-19 23:16:53,512 - face_recognition - INFO - Using default model for check_in: insightface
2025-06-19 23:16:54,173 - face_recognition - INFO - InsightFace spoof detection: score=0.09, texture=0.00, edges=0.01, detection=0.04, color=0.04
2025-06-19 23:16:54,173 - face_recognition - INFO - Anti-spoofing check passed using insightface model. Score: 0.09
2025-06-19 23:16:54,705 - face_recognition - INFO - Using default model for check_in: insightface
2025-06-19 23:16:55,232 - face_recognition - INFO - InsightFace spoof detection: score=0.10, texture=0.00, edges=0.01, detection=0.04, color=0.05
2025-06-19 23:16:55,233 - face_recognition - INFO - Anti-spoofing check passed using insightface model. Score: 0.10
2025-06-19 23:16:55,866 - face_recognition - INFO - Using default model for check_in: insightface
2025-06-19 23:16:56,372 - face_recognition - INFO - InsightFace spoof detection: score=0.09, texture=0.00, edges=0.01, detection=0.04, color=0.05
2025-06-19 23:16:56,373 - face_recognition - INFO - Anti-spoofing check passed using insightface model. Score: 0.09
